# JRE version: 7.0_17-b02
# Java VM: Java HotSpot(TM) 64-Bit Server VM (23.7-b01 mixed mode bsd-amd64 compressed oops)
Heap
 def new generation   total 5120K, used 1817K [0x00000007ea600000, 0x00000007eab80000, 0x00000007efe00000)
  eden space 4608K,  38% used [0x00000007ea600000, 0x00000007ea7b7bc0, 0x00000007eaa80000)
  from space 512K,  11% used [0x00000007eaa80000, 0x00000007eaa8e9b0, 0x00000007eab00000)
  to   space 512K,   0% used [0x00000007eab00000, 0x00000007eab00000, 0x00000007eab80000)
 tenured generation   total 11264K, used 4675K [0x00000007efe00000, 0x00000007f0900000, 0x00000007fae00000)
   the space 11264K,  41% used [0x00000007efe00000, 0x00000007f0290c88, 0x00000007f0290e00, 0x00000007f0900000)
 compacting perm gen  total 21248K, used 5897K [0x00000007fae00000, 0x00000007fc2c0000, 0x0000000800000000)
   the space 21248K,  27% used [0x00000007fae00000, 0x00000007fb3c2738, 0x00000007fb3c2800, 0x00000007fc2c0000)
GC Heap History (10 events):
Event: 3.600 GC heap before
{Heap before GC invocations=17 (full 0):
 def new generation   total 5120K, used 4658K [0x00000007ea600000, 0x00000007eab80000, 0x00000007efe00000)
  eden space 4608K,  99% used [0x00000007ea600000, 0x00000007eaa7e140, 0x00000007eaa80000)
  from space 512K,  11% used [0x00000007eab00000, 0x00000007eab0e7a8, 0x00000007eab80000)
  to   space 512K,   0% used [0x00000007eaa80000, 0x00000007eaa80000, 0x00000007eab00000)
 tenured generation   total 11264K, used 3546K [0x00000007efe00000, 0x00000007f0900000, 0x00000007fae00000)
   the space 11264K,  31% used [0x00000007efe00000, 0x00000007f0176938, 0x00000007f0176a00, 0x00000007f0900000)
 compacting perm gen  total 21248K, used 5891K [0x00000007fae00000, 0x00000007fc2c0000, 0x0000000800000000)
   the space 21248K,  27% used [0x00000007fae00000, 0x00000007fb3c0e48, 0x00000007fb3c1000, 0x00000007fc2c0000)
No shared spaces configured.
Event: 3.601 GC heap after
Heap after GC invocations=18 (full 0):
 def new generation   total 5120K, used 49K [0x00000007ea600000, 0x00000007eab80000, 0x00000007efe00000)
  eden space 4608K,   0% used [0x00000007ea600000, 0x00000007ea600000, 0x00000007eaa80000)
  from space 512K,   9% used [0x00000007eaa80000, 0x00000007eaa8c5f0, 0x00000007eab00000)
  to   space 512K,   0% used [0x00000007eab00000, 0x00000007eab00000, 0x00000007eab80000)
 tenured generation   total 11264K, used 3549K [0x00000007efe00000, 0x00000007f0900000, 0x00000007fae00000)
   the space 11264K,  31% used [0x00000007efe00000, 0x00000007f0177500, 0x00000007f0177600, 0x00000007f0900000)
 compacting perm gen  total 21248K, used 5891K [0x00000007fae00000, 0x00000007fc2c0000, 0x0000000800000000)
   the space 21248K,  27% used [0x00000007fae00000, 0x00000007fb3c0e48, 0x00000007fb3c1000, 0x00000007fc2c0000)
No shared spaces configured.
}
Event: 3.750 GC heap before
{Heap before GC invocations=18 (full 0):
 def new generation   total 5120K, used 4657K [0x00000007ea600000, 0x00000007eab80000, 0x00000007efe00000)
  eden space 4608K,  99% used [0x00000007ea600000, 0x00000007eaa7ffd8, 0x00000007eaa80000)
  from space 512K,   9% used [0x00000007eaa80000, 0x00000007eaa8c5f0, 0x00000007eab00000)
  to   space 512K,   0% used [0x00000007eab00000, 0x00000007eab00000, 0x00000007eab80000)
 tenured generation   total 11264K, used 3549K [0x00000007efe00000, 0x00000007f0900000, 0x00000007fae00000)
   the space 11264K,  31% used [0x00000007efe00000, 0x00000007f0177500, 0x00000007f0177600, 0x00000007f0900000)
 compacting perm gen  total 21248K, used 5891K [0x00000007fae00000, 0x00000007fc2c0000, 0x0000000800000000)
   the space 21248K,  27% used [0x00000007fae00000, 0x00000007fb3c0e48, 0x00000007fb3c1000, 0x00000007fc2c0000)
No shared spaces configured.
Event: 3.751 GC heap after
Heap after GC invocations=19 (full 0):
 def new generation   total 5120K, used 50K [0x00000007ea600000, 0x00000007eab80000, 0x00000007efe00000)
  eden space 4608K,   0% used [0x00000007ea600000, 0x00000007ea600000, 0x00000007eaa80000)
  from space 512K,   9% used [0x00000007eab00000, 0x00000007eab0c820, 0x00000007eab80000)
  to   space 512K,   0% used [0x00000007eaa80000, 0x00000007eaa80000, 0x00000007eab00000)
 tenured generation   total 11264K, used 3551K [0x00000007efe00000, 0x00000007f0900000, 0x00000007fae00000)
   the space 11264K,  31% used [0x00000007efe00000, 0x00000007f0177f48, 0x00000007f0178000, 0x00000007f0900000)
 compacting perm gen  total 21248K, used 5891K [0x00000007fae00000, 0x00000007fc2c0000, 0x0000000800000000)
   the space 21248K,  27% used [0x00000007fae00000, 0x00000007fb3c0e48, 0x00000007fb3c1000, 0x00000007fc2c0000)
No shared spaces configured.
}
Event: 3.886 GC heap before
{Heap before GC invocations=19 (full 0):
 def new generation   total 5120K, used 4658K [0x00000007ea600000, 0x00000007eab80000, 0x00000007efe00000)
  eden space 4608K, 100% used [0x00000007ea600000, 0x00000007eaa80000, 0x00000007eaa80000)
  from space 512K,   9% used [0x00000007eab00000, 0x00000007eab0c820, 0x00000007eab80000)
  to   space 512K,   0% used [0x00000007eaa80000, 0x00000007eaa80000, 0x00000007eab00000)
 tenured generation   total 11264K, used 3551K [0x00000007efe00000, 0x00000007f0900000, 0x00000007fae00000)
   the space 11264K,  31% used [0x00000007efe00000, 0x00000007f0177f48, 0x00000007f0178000, 0x00000007f0900000)
 compacting perm gen  total 21248K, used 5891K [0x00000007fae00000, 0x00000007fc2c0000, 0x0000000800000000)
   the space 21248K,  27% used [0x00000007fae00000, 0x00000007fb3c0e48, 0x00000007fb3c1000, 0x00000007fc2c0000)
No shared spaces configured.
Event: 3.886 GC heap after
Heap after GC invocations=20 (full 0):
 def new generation   total 5120K, used 49K [0x00000007ea600000, 0x00000007eab80000, 0x00000007efe00000)
  eden space 4608K,   0% used [0x00000007ea600000, 0x00000007ea600000, 0x00000007eaa80000)
  from space 512K,   9% used [0x00000007eaa80000, 0x00000007eaa8c7b0, 0x00000007eab00000)
  to   space 512K,   0% used [0x00000007eab00000, 0x00000007eab00000, 0x00000007eab80000)
 tenured generation   total 11264K, used 3554K [0x00000007efe00000, 0x00000007f0900000, 0x00000007fae00000)
   the space 11264K,  31% used [0x00000007efe00000, 0x00000007f0178b08, 0x00000007f0178c00, 0x00000007f0900000)
 compacting perm gen  total 21248K, used 5891K [0x00000007fae00000, 0x00000007fc2c0000, 0x0000000800000000)
   the space 21248K,  27% used [0x00000007fae00000, 0x00000007fb3c0e48, 0x00000007fb3c1000, 0x00000007fc2c0000)
No shared spaces configured.
}
Event: 4.001 GC heap before
{Heap before GC invocations=20 (full 0):
 def new generation   total 5120K, used 4656K [0x00000007ea600000, 0x00000007eab80000, 0x00000007efe00000)
  eden space 4608K,  99% used [0x00000007ea600000, 0x00000007eaa7fb38, 0x00000007eaa80000)
  from space 512K,   9% used [0x00000007eaa80000, 0x00000007eaa8c7b0, 0x00000007eab00000)
  to   space 512K,   0% used [0x00000007eab00000, 0x00000007eab00000, 0x00000007eab80000)
 tenured generation   total 11264K, used 3554K [0x00000007efe00000, 0x00000007f0900000, 0x00000007fae00000)
   the space 11264K,  31% used [0x00000007efe00000, 0x00000007f0178b08, 0x00000007f0178c00, 0x00000007f0900000)
 compacting perm gen  total 21248K, used 5891K [0x00000007fae00000, 0x00000007fc2c0000, 0x0000000800000000)
   the space 21248K,  27% used [0x00000007fae00000, 0x00000007fb3c0e48, 0x00000007fb3c1000, 0x00000007fc2c0000)
No shared spaces configured.
Event: 4.001 GC heap after
Heap after GC invocations=21 (full 0):
 def new generation   total 5120K, used 63K [0x00000007ea600000, 0x00000007eab80000, 0x00000007efe00000)
  eden space 4608K,   0% used [0x00000007ea600000, 0x00000007ea600000, 0x00000007eaa80000)
  from space 512K,  12% used [0x00000007eab00000, 0x00000007eab0fcf8, 0x00000007eab80000)
  to   space 512K,   0% used [0x00000007eaa80000, 0x00000007eaa80000, 0x00000007eab00000)
 tenured generation   total 11264K, used 4115K [0x00000007efe00000, 0x00000007f0900000, 0x00000007fae00000)
   the space 11264K,  36% used [0x00000007efe00000, 0x00000007f0204cb8, 0x00000007f0204e00, 0x00000007f0900000)
 compacting perm gen  total 21248K, used 5891K [0x00000007fae00000, 0x00000007fc2c0000, 0x0000000800000000)
   the space 21248K,  27% used [0x00000007fae00000, 0x00000007fb3c0e48, 0x00000007fb3c1000, 0x00000007fc2c0000)
No shared spaces configured.
}
Event: 4.133 GC heap before
{Heap before GC invocations=21 (full 0):
 def new generation   total 5120K, used 4667K [0x00000007ea600000, 0x00000007eab80000, 0x00000007efe00000)
  eden space 4608K,  99% used [0x00000007ea600000, 0x00000007eaa7f0b0, 0x00000007eaa80000)
  from space 512K,  12% used [0x00000007eab00000, 0x00000007eab0fcf8, 0x00000007eab80000)
  to   space 512K,   0% used [0x00000007eaa80000, 0x00000007eaa80000, 0x00000007eab00000)
 tenured generation   total 11264K, used 4115K [0x00000007efe00000, 0x00000007f0900000, 0x00000007fae00000)
   the space 11264K,  36% used [0x00000007efe00000, 0x00000007f0204cb8, 0x00000007f0204e00, 0x00000007f0900000)
 compacting perm gen  total 21248K, used 5892K [0x00000007fae00000, 0x00000007fc2c0000, 0x0000000800000000)
   the space 21248K,  27% used [0x00000007fae00000, 0x00000007fb3c11d0, 0x00000007fb3c1200, 0x00000007fc2c0000)
No shared spaces configured.
Event: 4.134 GC heap after
Heap after GC invocations=22 (full 0):
 def new generation   total 5120K, used 58K [0x00000007ea600000, 0x00000007eab80000, 0x00000007efe00000)
  eden space 4608K,   0% used [0x00000007ea600000, 0x00000007ea600000, 0x00000007eaa80000)
  from space 512K,  11% used [0x00000007eaa80000, 0x00000007eaa8e9b0, 0x00000007eab00000)
  to   space 512K,   0% used [0x00000007eab00000, 0x00000007eab00000, 0x00000007eab80000)
 tenured generation   total 11264K, used 4675K [0x00000007efe00000, 0x00000007f0900000, 0x00000007fae00000)
   the space 11264K,  41% used [0x00000007efe00000, 0x00000007f0290c88, 0x00000007f0290e00, 0x00000007f0900000)
 compacting perm gen  total 21248K, used 5892K [0x00000007fae00000, 0x00000007fc2c0000, 0x0000000800000000)
   the space 21248K,  27% used [0x00000007fae00000, 0x00000007fb3c11d0, 0x00000007fb3c1200, 0x00000007fc2c0000)
No shared spaces configured.
}

