# JRE version: 7.0_17-b02
# Java VM: Java HotSpot(TM) 64-Bit Server VM (23.7-b01 mixed mode bsd-amd64 compressed oops)
Heap
 def new generation   total 4608K, used 1117K [0x00000007ec000000, 0x00000007ec4f0000, 0x00000007f0f50000)
  eden space 4160K,  16% used [0x00000007ec000000, 0x00000007ec0a7778, 0x00000007ec410000)
  from space 448K,  99% used [0x00000007ec410000, 0x00000007ec47ffc8, 0x00000007ec480000)
  to   space 448K,   0% used [0x00000007ec480000, 0x00000007ec480000, 0x00000007ec4f0000)
 tenured generation   total 10112K, used 1167K [0x00000007f0f50000, 0x00000007f1930000, 0x00000007fae00000)
   the space 10112K,  11% used [0x00000007f0f50000, 0x00000007f1073f68, 0x00000007f1074000, 0x00000007f1930000)
 compacting perm gen  total 21248K, used 6014K [0x00000007fae00000, 0x00000007fc2c0000, 0x0000000800000000)
   the space 21248K,  28% used [0x00000007fae00000, 0x00000007fb3dfb18, 0x00000007fb3dfc00, 0x00000007fc2c0000)
GC Heap History (4 events):
Event: 0.680 GC heap before
{Heap before GC invocations=0 (full 0):
 def new generation   total 4608K, used 4160K [0x00000007ec000000, 0x00000007ec4f0000, 0x00000007f0f50000)
  eden space 4160K, 100% used [0x00000007ec000000, 0x00000007ec410000, 0x00000007ec410000)
  from space 448K,   0% used [0x00000007ec410000, 0x00000007ec410000, 0x00000007ec480000)
  to   space 448K,   0% used [0x00000007ec480000, 0x00000007ec480000, 0x00000007ec4f0000)
 tenured generation   total 10112K, used 0K [0x00000007f0f50000, 0x00000007f1930000, 0x00000007fae00000)
   the space 10112K,   0% used [0x00000007f0f50000, 0x00000007f0f50000, 0x00000007f0f50200, 0x00000007f1930000)
 compacting perm gen  total 21248K, used 5092K [0x00000007fae00000, 0x00000007fc2c0000, 0x0000000800000000)
   the space 21248K,  23% used [0x00000007fae00000, 0x00000007fb2f9280, 0x00000007fb2f9400, 0x00000007fc2c0000)
No shared spaces configured.
Event: 0.689 GC heap after
Heap after GC invocations=1 (full 0):
 def new generation   total 4608K, used 448K [0x00000007ec000000, 0x00000007ec4f0000, 0x00000007f0f50000)
  eden space 4160K,   0% used [0x00000007ec000000, 0x00000007ec000000, 0x00000007ec410000)
  from space 448K, 100% used [0x00000007ec480000, 0x00000007ec4f0000, 0x00000007ec4f0000)
  to   space 448K,   0% used [0x00000007ec410000, 0x00000007ec410000, 0x00000007ec480000)
 tenured generation   total 10112K, used 699K [0x00000007f0f50000, 0x00000007f1930000, 0x00000007fae00000)
   the space 10112K,   6% used [0x00000007f0f50000, 0x00000007f0ffec90, 0x00000007f0ffee00, 0x00000007f1930000)
 compacting perm gen  total 21248K, used 5092K [0x00000007fae00000, 0x00000007fc2c0000, 0x0000000800000000)
   the space 21248K,  23% used [0x00000007fae00000, 0x00000007fb2f9280, 0x00000007fb2f9400, 0x00000007fc2c0000)
No shared spaces configured.
}
Event: 2.817 GC heap before
{Heap before GC invocations=1 (full 0):
 def new generation   total 4608K, used 4608K [0x00000007ec000000, 0x00000007ec4f0000, 0x00000007f0f50000)
  eden space 4160K, 100% used [0x00000007ec000000, 0x00000007ec410000, 0x00000007ec410000)
  from space 448K, 100% used [0x00000007ec480000, 0x00000007ec4f0000, 0x00000007ec4f0000)
  to   space 448K,   0% used [0x00000007ec410000, 0x00000007ec410000, 0x00000007ec480000)
 tenured generation   total 10112K, used 699K [0x00000007f0f50000, 0x00000007f1930000, 0x00000007fae00000)
   the space 10112K,   6% used [0x00000007f0f50000, 0x00000007f0ffec90, 0x00000007f0ffee00, 0x00000007f1930000)
 compacting perm gen  total 21248K, used 6009K [0x00000007fae00000, 0x00000007fc2c0000, 0x0000000800000000)
   the space 21248K,  28% used [0x00000007fae00000, 0x00000007fb3de5b0, 0x00000007fb3de600, 0x00000007fc2c0000)
No shared spaces configured.
Event: 2.822 GC heap after
Heap after GC invocations=2 (full 0):
 def new generation   total 4608K, used 447K [0x00000007ec000000, 0x00000007ec4f0000, 0x00000007f0f50000)
  eden space 4160K,   0% used [0x00000007ec000000, 0x00000007ec000000, 0x00000007ec410000)
  from space 448K,  99% used [0x00000007ec410000, 0x00000007ec47ffc8, 0x00000007ec480000)
  to   space 448K,   0% used [0x00000007ec480000, 0x00000007ec480000, 0x00000007ec4f0000)
 tenured generation   total 10112K, used 1167K [0x00000007f0f50000, 0x00000007f1930000, 0x00000007fae00000)
   the space 10112K,  11% used [0x00000007f0f50000, 0x00000007f1073f68, 0x00000007f1074000, 0x00000007f1930000)
 compacting perm gen  total 21248K, used 6009K [0x00000007fae00000, 0x00000007fc2c0000, 0x0000000800000000)
   the space 21248K,  28% used [0x00000007fae00000, 0x00000007fb3de5b0, 0x00000007fb3de600, 0x00000007fc2c0000)
No shared spaces configured.
}

