# JRE version: 7.0_17-b02
# Java VM: Java HotSpot(TM) 64-Bit Server VM (23.7-b01 mixed mode bsd-amd64 compressed oops)
Heap
 def new generation   total 5184K, used 3132K [0x00000007ea200000, 0x00000007ea790000, 0x00000007efb50000)
  eden space 4672K,  61% used [0x00000007ea200000, 0x00000007ea4cac60, 0x00000007ea690000)
  from space 512K,  53% used [0x00000007ea710000, 0x00000007ea7545f8, 0x00000007ea790000)
  to   space 512K,   0% used [0x00000007ea690000, 0x00000007ea690000, 0x00000007ea710000)
 tenured generation   total 11392K, used 1662K [0x00000007efb50000, 0x00000007f0670000, 0x00000007fae00000)
   the space 11392K,  14% used [0x00000007efb50000, 0x00000007efcef8e0, 0x00000007efcefa00, 0x00000007f0670000)
 compacting perm gen  total 21248K, used 6051K [0x00000007fae00000, 0x00000007fc2c0000, 0x0000000800000000)
   the space 21248K,  28% used [0x00000007fae00000, 0x00000007fb3e8f48, 0x00000007fb3e9000, 0x00000007fc2c0000)
GC Heap History (10 events):
Event: 4.157 GC heap before
{Heap before GC invocations=0 (full 0):
 def new generation   total 5184K, used 4672K [0x00000007ea200000, 0x00000007ea790000, 0x00000007efb50000)
  eden space 4672K, 100% used [0x00000007ea200000, 0x00000007ea690000, 0x00000007ea690000)
  from space 512K,   0% used [0x00000007ea690000, 0x00000007ea690000, 0x00000007ea710000)
  to   space 512K,   0% used [0x00000007ea710000, 0x00000007ea710000, 0x00000007ea790000)
 tenured generation   total 11392K, used 0K [0x00000007efb50000, 0x00000007f0670000, 0x00000007fae00000)
   the space 11392K,   0% used [0x00000007efb50000, 0x00000007efb50000, 0x00000007efb50200, 0x00000007f0670000)
 compacting perm gen  total 21248K, used 5653K [0x00000007fae00000, 0x00000007fc2c0000, 0x0000000800000000)
   the space 21248K,  26% used [0x00000007fae00000, 0x00000007fb3854d8, 0x00000007fb385600, 0x00000007fc2c0000)
No shared spaces configured.
Event: 4.164 GC heap after
Heap after GC invocations=1 (full 0):
 def new generation   total 5184K, used 512K [0x00000007ea200000, 0x00000007ea790000, 0x00000007efb50000)
  eden space 4672K,   0% used [0x00000007ea200000, 0x00000007ea200000, 0x00000007ea690000)
  from space 512K, 100% used [0x00000007ea710000, 0x00000007ea790000, 0x00000007ea790000)
  to   space 512K,   0% used [0x00000007ea690000, 0x00000007ea690000, 0x00000007ea710000)
 tenured generation   total 11392K, used 764K [0x00000007efb50000, 0x00000007f0670000, 0x00000007fae00000)
   the space 11392K,   6% used [0x00000007efb50000, 0x00000007efc0f260, 0x00000007efc0f400, 0x00000007f0670000)
 compacting perm gen  total 21248K, used 5653K [0x00000007fae00000, 0x00000007fc2c0000, 0x0000000800000000)
   the space 21248K,  26% used [0x00000007fae00000, 0x00000007fb3854d8, 0x00000007fb385600, 0x00000007fc2c0000)
No shared spaces configured.
}
Event: 6.294 GC heap before
{Heap before GC invocations=1 (full 0):
 def new generation   total 5184K, used 5184K [0x00000007ea200000, 0x00000007ea790000, 0x00000007efb50000)
  eden space 4672K, 100% used [0x00000007ea200000, 0x00000007ea690000, 0x00000007ea690000)
  from space 512K, 100% used [0x00000007ea710000, 0x00000007ea790000, 0x00000007ea790000)
  to   space 512K,   0% used [0x00000007ea690000, 0x00000007ea690000, 0x00000007ea710000)
 tenured generation   total 11392K, used 764K [0x00000007efb50000, 0x00000007f0670000, 0x00000007fae00000)
   the space 11392K,   6% used [0x00000007efb50000, 0x00000007efc0f260, 0x00000007efc0f400, 0x00000007f0670000)
 compacting perm gen  total 21248K, used 6026K [0x00000007fae00000, 0x00000007fc2c0000, 0x0000000800000000)
   the space 21248K,  28% used [0x00000007fae00000, 0x00000007fb3e28e8, 0x00000007fb3e2a00, 0x00000007fc2c0000)
No shared spaces configured.
Event: 6.299 GC heap after
Heap after GC invocations=2 (full 0):
 def new generation   total 5184K, used 393K [0x00000007ea200000, 0x00000007ea790000, 0x00000007efb50000)
  eden space 4672K,   0% used [0x00000007ea200000, 0x00000007ea200000, 0x00000007ea690000)
  from space 512K,  76% used [0x00000007ea690000, 0x00000007ea6f2438, 0x00000007ea710000)
  to   space 512K,   0% used [0x00000007ea710000, 0x00000007ea710000, 0x00000007ea790000)
 tenured generation   total 11392K, used 1269K [0x00000007efb50000, 0x00000007f0670000, 0x00000007fae00000)
   the space 11392K,  11% used [0x00000007efb50000, 0x00000007efc8d628, 0x00000007efc8d800, 0x00000007f0670000)
 compacting perm gen  total 21248K, used 6026K [0x00000007fae00000, 0x00000007fc2c0000, 0x0000000800000000)
   the space 21248K,  28% used [0x00000007fae00000, 0x00000007fb3e28e8, 0x00000007fb3e2a00, 0x00000007fc2c0000)
No shared spaces configured.
}
Event: 8.937 GC heap before
{Heap before GC invocations=2 (full 0):
 def new generation   total 5184K, used 5065K [0x00000007ea200000, 0x00000007ea790000, 0x00000007efb50000)
  eden space 4672K, 100% used [0x00000007ea200000, 0x00000007ea690000, 0x00000007ea690000)
  from space 512K,  76% used [0x00000007ea690000, 0x00000007ea6f2438, 0x00000007ea710000)
  to   space 512K,   0% used [0x00000007ea710000, 0x00000007ea710000, 0x00000007ea790000)
 tenured generation   total 11392K, used 1269K [0x00000007efb50000, 0x00000007f0670000, 0x00000007fae00000)
   the space 11392K,  11% used [0x00000007efb50000, 0x00000007efc8d628, 0x00000007efc8d800, 0x00000007f0670000)
 compacting perm gen  total 21248K, used 6031K [0x00000007fae00000, 0x00000007fc2c0000, 0x0000000800000000)
   the space 21248K,  28% used [0x00000007fae00000, 0x00000007fb3e3ee8, 0x00000007fb3e4000, 0x00000007fc2c0000)
No shared spaces configured.
Event: 8.940 GC heap after
Heap after GC invocations=3 (full 0):
 def new generation   total 5184K, used 261K [0x00000007ea200000, 0x00000007ea790000, 0x00000007efb50000)
  eden space 4672K,   0% used [0x00000007ea200000, 0x00000007ea200000, 0x00000007ea690000)
  from space 512K,  51% used [0x00000007ea710000, 0x00000007ea751780, 0x00000007ea790000)
  to   space 512K,   0% used [0x00000007ea690000, 0x00000007ea690000, 0x00000007ea710000)
 tenured generation   total 11392K, used 1463K [0x00000007efb50000, 0x00000007f0670000, 0x00000007fae00000)
   the space 11392K,  12% used [0x00000007efb50000, 0x00000007efcbdec0, 0x00000007efcbe000, 0x00000007f0670000)
 compacting perm gen  total 21248K, used 6031K [0x00000007fae00000, 0x00000007fc2c0000, 0x0000000800000000)
   the space 21248K,  28% used [0x00000007fae00000, 0x00000007fb3e3ee8, 0x00000007fb3e4000, 0x00000007fc2c0000)
No shared spaces configured.
}
Event: 11.586 GC heap before
{Heap before GC invocations=3 (full 0):
 def new generation   total 5184K, used 4933K [0x00000007ea200000, 0x00000007ea790000, 0x00000007efb50000)
  eden space 4672K, 100% used [0x00000007ea200000, 0x00000007ea690000, 0x00000007ea690000)
  from space 512K,  51% used [0x00000007ea710000, 0x00000007ea751780, 0x00000007ea790000)
  to   space 512K,   0% used [0x00000007ea690000, 0x00000007ea690000, 0x00000007ea710000)
 tenured generation   total 11392K, used 1463K [0x00000007efb50000, 0x00000007f0670000, 0x00000007fae00000)
   the space 11392K,  12% used [0x00000007efb50000, 0x00000007efcbdec0, 0x00000007efcbe000, 0x00000007f0670000)
 compacting perm gen  total 21248K, used 6034K [0x00000007fae00000, 0x00000007fc2c0000, 0x0000000800000000)
   the space 21248K,  28% used [0x00000007fae00000, 0x00000007fb3e4998, 0x00000007fb3e4a00, 0x00000007fc2c0000)
No shared spaces configured.
Event: 11.588 GC heap after
Heap after GC invocations=4 (full 0):
 def new generation   total 5184K, used 271K [0x00000007ea200000, 0x00000007ea790000, 0x00000007efb50000)
  eden space 4672K,   0% used [0x00000007ea200000, 0x00000007ea200000, 0x00000007ea690000)
  from space 512K,  53% used [0x00000007ea690000, 0x00000007ea6d3e28, 0x00000007ea710000)
  to   space 512K,   0% used [0x00000007ea710000, 0x00000007ea710000, 0x00000007ea790000)
 tenured generation   total 11392K, used 1563K [0x00000007efb50000, 0x00000007f0670000, 0x00000007fae00000)
   the space 11392K,  13% used [0x00000007efb50000, 0x00000007efcd6ed8, 0x00000007efcd7000, 0x00000007f0670000)
 compacting perm gen  total 21248K, used 6034K [0x00000007fae00000, 0x00000007fc2c0000, 0x0000000800000000)
   the space 21248K,  28% used [0x00000007fae00000, 0x00000007fb3e4998, 0x00000007fb3e4a00, 0x00000007fc2c0000)
No shared spaces configured.
}
Event: 14.300 GC heap before
{Heap before GC invocations=4 (full 0):
 def new generation   total 5184K, used 4943K [0x00000007ea200000, 0x00000007ea790000, 0x00000007efb50000)
  eden space 4672K, 100% used [0x00000007ea200000, 0x00000007ea690000, 0x00000007ea690000)
  from space 512K,  53% used [0x00000007ea690000, 0x00000007ea6d3e28, 0x00000007ea710000)
  to   space 512K,   0% used [0x00000007ea710000, 0x00000007ea710000, 0x00000007ea790000)
 tenured generation   total 11392K, used 1563K [0x00000007efb50000, 0x00000007f0670000, 0x00000007fae00000)
   the space 11392K,  13% used [0x00000007efb50000, 0x00000007efcd6ed8, 0x00000007efcd7000, 0x00000007f0670000)
 compacting perm gen  total 21248K, used 6043K [0x00000007fae00000, 0x00000007fc2c0000, 0x0000000800000000)
   the space 21248K,  28% used [0x00000007fae00000, 0x00000007fb3e6f60, 0x00000007fb3e7000, 0x00000007fc2c0000)
No shared spaces configured.
Event: 14.302 GC heap after
Heap after GC invocations=5 (full 0):
 def new generation   total 5184K, used 273K [0x00000007ea200000, 0x00000007ea790000, 0x00000007efb50000)
  eden space 4672K,   0% used [0x00000007ea200000, 0x00000007ea200000, 0x00000007ea690000)
  from space 512K,  53% used [0x00000007ea710000, 0x00000007ea7545f8, 0x00000007ea790000)
  to   space 512K,   0% used [0x00000007ea690000, 0x00000007ea690000, 0x00000007ea710000)
 tenured generation   total 11392K, used 1662K [0x00000007efb50000, 0x00000007f0670000, 0x00000007fae00000)
   the space 11392K,  14% used [0x00000007efb50000, 0x00000007efcef8e0, 0x00000007efcefa00, 0x00000007f0670000)
 compacting perm gen  total 21248K, used 6043K [0x00000007fae00000, 0x00000007fc2c0000, 0x0000000800000000)
   the space 21248K,  28% used [0x00000007fae00000, 0x00000007fb3e6f60, 0x00000007fb3e7000, 0x00000007fc2c0000)
No shared spaces configured.
}

