# JRE version: 7.0_17-b02
# Java VM: Java HotSpot(TM) 64-Bit Server VM (23.7-b01 mixed mode bsd-amd64 compressed oops)
Heap
 def new generation   total 4608K, used 3969K [0x00000007ec000000, 0x00000007ec4f0000, 0x00000007f0f50000)
  eden space 4160K,  84% used [0x00000007ec000000, 0x00000007ec3704f8, 0x00000007ec410000)
  from space 448K,  99% used [0x00000007ec410000, 0x00000007ec47ffd0, 0x00000007ec480000)
  to   space 448K,   0% used [0x00000007ec480000, 0x00000007ec480000, 0x00000007ec4f0000)
 tenured generation   total 10112K, used 1161K [0x00000007f0f50000, 0x00000007f1930000, 0x00000007fae00000)
   the space 10112K,  11% used [0x00000007f0f50000, 0x00000007f10724a0, 0x00000007f1072600, 0x00000007f1930000)
 compacting perm gen  total 21248K, used 6036K [0x00000007fae00000, 0x00000007fc2c0000, 0x0000000800000000)
   the space 21248K,  28% used [0x00000007fae00000, 0x00000007fb3e53a8, 0x00000007fb3e5400, 0x00000007fc2c0000)
GC Heap History (4 events):
Event: 1.038 GC heap before
{Heap before GC invocations=0 (full 0):
 def new generation   total 4608K, used 4160K [0x00000007ec000000, 0x00000007ec4f0000, 0x00000007f0f50000)
  eden space 4160K, 100% used [0x00000007ec000000, 0x00000007ec410000, 0x00000007ec410000)
  from space 448K,   0% used [0x00000007ec410000, 0x00000007ec410000, 0x00000007ec480000)
  to   space 448K,   0% used [0x00000007ec480000, 0x00000007ec480000, 0x00000007ec4f0000)
 tenured generation   total 10112K, used 0K [0x00000007f0f50000, 0x00000007f1930000, 0x00000007fae00000)
   the space 10112K,   0% used [0x00000007f0f50000, 0x00000007f0f50000, 0x00000007f0f50200, 0x00000007f1930000)
 compacting perm gen  total 21248K, used 5101K [0x00000007fae00000, 0x00000007fc2c0000, 0x0000000800000000)
   the space 21248K,  24% used [0x00000007fae00000, 0x00000007fb2fb7f8, 0x00000007fb2fb800, 0x00000007fc2c0000)
No shared spaces configured.
Event: 1.044 GC heap after
Heap after GC invocations=1 (full 0):
 def new generation   total 4608K, used 447K [0x00000007ec000000, 0x00000007ec4f0000, 0x00000007f0f50000)
  eden space 4160K,   0% used [0x00000007ec000000, 0x00000007ec000000, 0x00000007ec410000)
  from space 448K,  99% used [0x00000007ec480000, 0x00000007ec4efff8, 0x00000007ec4f0000)
  to   space 448K,   0% used [0x00000007ec410000, 0x00000007ec410000, 0x00000007ec480000)
 tenured generation   total 10112K, used 695K [0x00000007f0f50000, 0x00000007f1930000, 0x00000007fae00000)
   the space 10112K,   6% used [0x00000007f0f50000, 0x00000007f0ffdd38, 0x00000007f0ffde00, 0x00000007f1930000)
 compacting perm gen  total 21248K, used 5101K [0x00000007fae00000, 0x00000007fc2c0000, 0x0000000800000000)
   the space 21248K,  24% used [0x00000007fae00000, 0x00000007fb2fb7f8, 0x00000007fb2fb800, 0x00000007fc2c0000)
No shared spaces configured.
}
Event: 3.051 GC heap before
{Heap before GC invocations=1 (full 0):
 def new generation   total 4608K, used 4601K [0x00000007ec000000, 0x00000007ec4f0000, 0x00000007f0f50000)
  eden space 4160K,  99% used [0x00000007ec000000, 0x00000007ec40e4a8, 0x00000007ec410000)
  from space 448K,  99% used [0x00000007ec480000, 0x00000007ec4efff8, 0x00000007ec4f0000)
  to   space 448K,   0% used [0x00000007ec410000, 0x00000007ec410000, 0x00000007ec480000)
 tenured generation   total 10112K, used 695K [0x00000007f0f50000, 0x00000007f1930000, 0x00000007fae00000)
   the space 10112K,   6% used [0x00000007f0f50000, 0x00000007f0ffdd38, 0x00000007f0ffde00, 0x00000007f1930000)
 compacting perm gen  total 21248K, used 6027K [0x00000007fae00000, 0x00000007fc2c0000, 0x0000000800000000)
   the space 21248K,  28% used [0x00000007fae00000, 0x00000007fb3e2fd8, 0x00000007fb3e3000, 0x00000007fc2c0000)
No shared spaces configured.
Event: 3.057 GC heap after
Heap after GC invocations=2 (full 0):
 def new generation   total 4608K, used 447K [0x00000007ec000000, 0x00000007ec4f0000, 0x00000007f0f50000)
  eden space 4160K,   0% used [0x00000007ec000000, 0x00000007ec000000, 0x00000007ec410000)
  from space 448K,  99% used [0x00000007ec410000, 0x00000007ec47ffd0, 0x00000007ec480000)
  to   space 448K,   0% used [0x00000007ec480000, 0x00000007ec480000, 0x00000007ec4f0000)
 tenured generation   total 10112K, used 1161K [0x00000007f0f50000, 0x00000007f1930000, 0x00000007fae00000)
   the space 10112K,  11% used [0x00000007f0f50000, 0x00000007f10724a0, 0x00000007f1072600, 0x00000007f1930000)
 compacting perm gen  total 21248K, used 6027K [0x00000007fae00000, 0x00000007fc2c0000, 0x0000000800000000)
   the space 21248K,  28% used [0x00000007fae00000, 0x00000007fb3e2fd8, 0x00000007fb3e3000, 0x00000007fc2c0000)
No shared spaces configured.
}

