# JRE version: 7.0_17-b02
# Java VM: Java HotSpot(TM) 64-Bit Server VM (23.7-b01 mixed mode bsd-amd64 compressed oops)
Heap
 def new generation   total 5312K, used 1797K [0x00000007e9e00000, 0x00000007ea3c0000, 0x00000007ef8a0000)
  eden space 4736K,  36% used [0x00000007e9e00000, 0x00000007e9fb2d58, 0x00000007ea2a0000)
  from space 576K,  10% used [0x00000007ea2a0000, 0x00000007ea2ae7d0, 0x00000007ea330000)
  to   space 576K,   0% used [0x00000007ea330000, 0x00000007ea330000, 0x00000007ea3c0000)
 tenured generation   total 11648K, used 3178K [0x00000007ef8a0000, 0x00000007f0400000, 0x00000007fae00000)
   the space 11648K,  27% used [0x00000007ef8a0000, 0x00000007efbba900, 0x00000007efbbaa00, 0x00000007f0400000)
 compacting perm gen  total 21248K, used 6010K [0x00000007fae00000, 0x00000007fc2c0000, 0x0000000800000000)
   the space 21248K,  28% used [0x00000007fae00000, 0x00000007fb3de880, 0x00000007fb3dea00, 0x00000007fc2c0000)
GC Heap History (10 events):
Event: 57.523 GC heap before
{Heap before GC invocations=357 (full 1):
 def new generation   total 5312K, used 4669K [0x00000007e9e00000, 0x00000007ea3c0000, 0x00000007ef8a0000)
  eden space 4736K,  97% used [0x00000007e9e00000, 0x00000007ea280d08, 0x00000007ea2a0000)
  from space 576K,  10% used [0x00000007ea330000, 0x00000007ea33e7d0, 0x00000007ea3c0000)
  to   space 576K,   0% used [0x00000007ea2a0000, 0x00000007ea2a0000, 0x00000007ea330000)
 tenured generation   total 11648K, used 3163K [0x00000007ef8a0000, 0x00000007f0400000, 0x00000007fae00000)
   the space 11648K,  27% used [0x00000007ef8a0000, 0x00000007efbb6e40, 0x00000007efbb7000, 0x00000007f0400000)
 compacting perm gen  total 21248K, used 6004K [0x00000007fae00000, 0x00000007fc2c0000, 0x0000000800000000)
   the space 21248K,  28% used [0x00000007fae00000, 0x00000007fb3dd138, 0x00000007fb3dd200, 0x00000007fc2c0000)
No shared spaces configured.
Event: 57.524 GC heap after
Heap after GC invocations=358 (full 1):
 def new generation   total 5312K, used 57K [0x00000007e9e00000, 0x00000007ea3c0000, 0x00000007ef8a0000)
  eden space 4736K,   0% used [0x00000007e9e00000, 0x00000007e9e00000, 0x00000007ea2a0000)
  from space 576K,  10% used [0x00000007ea2a0000, 0x00000007ea2ae7d0, 0x00000007ea330000)
  to   space 576K,   0% used [0x00000007ea330000, 0x00000007ea330000, 0x00000007ea3c0000)
 tenured generation   total 11648K, used 3166K [0x00000007ef8a0000, 0x00000007f0400000, 0x00000007fae00000)
   the space 11648K,  27% used [0x00000007ef8a0000, 0x00000007efbb7a00, 0x00000007efbb7a00, 0x00000007f0400000)
 compacting perm gen  total 21248K, used 6004K [0x00000007fae00000, 0x00000007fc2c0000, 0x0000000800000000)
   the space 21248K,  28% used [0x00000007fae00000, 0x00000007fb3dd138, 0x00000007fb3dd200, 0x00000007fc2c0000)
No shared spaces configured.
}
Event: 57.672 GC heap before
{Heap before GC invocations=358 (full 1):
 def new generation   total 5312K, used 4669K [0x00000007e9e00000, 0x00000007ea3c0000, 0x00000007ef8a0000)
  eden space 4736K,  97% used [0x00000007e9e00000, 0x00000007ea280d08, 0x00000007ea2a0000)
  from space 576K,  10% used [0x00000007ea2a0000, 0x00000007ea2ae7d0, 0x00000007ea330000)
  to   space 576K,   0% used [0x00000007ea330000, 0x00000007ea330000, 0x00000007ea3c0000)
 tenured generation   total 11648K, used 3166K [0x00000007ef8a0000, 0x00000007f0400000, 0x00000007fae00000)
   the space 11648K,  27% used [0x00000007ef8a0000, 0x00000007efbb7a00, 0x00000007efbb7a00, 0x00000007f0400000)
 compacting perm gen  total 21248K, used 6004K [0x00000007fae00000, 0x00000007fc2c0000, 0x0000000800000000)
   the space 21248K,  28% used [0x00000007fae00000, 0x00000007fb3dd138, 0x00000007fb3dd200, 0x00000007fc2c0000)
No shared spaces configured.
Event: 57.672 GC heap after
Heap after GC invocations=359 (full 1):
 def new generation   total 5312K, used 57K [0x00000007e9e00000, 0x00000007ea3c0000, 0x00000007ef8a0000)
  eden space 4736K,   0% used [0x00000007e9e00000, 0x00000007e9e00000, 0x00000007ea2a0000)
  from space 576K,  10% used [0x00000007ea330000, 0x00000007ea33e7d0, 0x00000007ea3c0000)
  to   space 576K,   0% used [0x00000007ea2a0000, 0x00000007ea2a0000, 0x00000007ea330000)
 tenured generation   total 11648K, used 3169K [0x00000007ef8a0000, 0x00000007f0400000, 0x00000007fae00000)
   the space 11648K,  27% used [0x00000007ef8a0000, 0x00000007efbb85c0, 0x00000007efbb8600, 0x00000007f0400000)
 compacting perm gen  total 21248K, used 6004K [0x00000007fae00000, 0x00000007fc2c0000, 0x0000000800000000)
   the space 21248K,  28% used [0x00000007fae00000, 0x00000007fb3dd138, 0x00000007fb3dd200, 0x00000007fc2c0000)
No shared spaces configured.
}
Event: 58.044 GC heap before
{Heap before GC invocations=359 (full 1):
 def new generation   total 5312K, used 4669K [0x00000007e9e00000, 0x00000007ea3c0000, 0x00000007ef8a0000)
  eden space 4736K,  97% used [0x00000007e9e00000, 0x00000007ea280cb8, 0x00000007ea2a0000)
  from space 576K,  10% used [0x00000007ea330000, 0x00000007ea33e7d0, 0x00000007ea3c0000)
  to   space 576K,   0% used [0x00000007ea2a0000, 0x00000007ea2a0000, 0x00000007ea330000)
 tenured generation   total 11648K, used 3169K [0x00000007ef8a0000, 0x00000007f0400000, 0x00000007fae00000)
   the space 11648K,  27% used [0x00000007ef8a0000, 0x00000007efbb85c0, 0x00000007efbb8600, 0x00000007f0400000)
 compacting perm gen  total 21248K, used 6004K [0x00000007fae00000, 0x00000007fc2c0000, 0x0000000800000000)
   the space 21248K,  28% used [0x00000007fae00000, 0x00000007fb3dd258, 0x00000007fb3dd400, 0x00000007fc2c0000)
No shared spaces configured.
Event: 58.046 GC heap after
Heap after GC invocations=360 (full 1):
 def new generation   total 5312K, used 57K [0x00000007e9e00000, 0x00000007ea3c0000, 0x00000007ef8a0000)
  eden space 4736K,   0% used [0x00000007e9e00000, 0x00000007e9e00000, 0x00000007ea2a0000)
  from space 576K,  10% used [0x00000007ea2a0000, 0x00000007ea2ae7d0, 0x00000007ea330000)
  to   space 576K,   0% used [0x00000007ea330000, 0x00000007ea330000, 0x00000007ea3c0000)
 tenured generation   total 11648K, used 3172K [0x00000007ef8a0000, 0x00000007f0400000, 0x00000007fae00000)
   the space 11648K,  27% used [0x00000007ef8a0000, 0x00000007efbb9180, 0x00000007efbb9200, 0x00000007f0400000)
 compacting perm gen  total 21248K, used 6004K [0x00000007fae00000, 0x00000007fc2c0000, 0x0000000800000000)
   the space 21248K,  28% used [0x00000007fae00000, 0x00000007fb3dd258, 0x00000007fb3dd400, 0x00000007fc2c0000)
No shared spaces configured.
}
Event: 58.502 GC heap before
{Heap before GC invocations=360 (full 1):
 def new generation   total 5312K, used 4669K [0x00000007e9e00000, 0x00000007ea3c0000, 0x00000007ef8a0000)
  eden space 4736K,  97% used [0x00000007e9e00000, 0x00000007ea280d08, 0x00000007ea2a0000)
  from space 576K,  10% used [0x00000007ea2a0000, 0x00000007ea2ae7d0, 0x00000007ea330000)
  to   space 576K,   0% used [0x00000007ea330000, 0x00000007ea330000, 0x00000007ea3c0000)
 tenured generation   total 11648K, used 3172K [0x00000007ef8a0000, 0x00000007f0400000, 0x00000007fae00000)
   the space 11648K,  27% used [0x00000007ef8a0000, 0x00000007efbb9180, 0x00000007efbb9200, 0x00000007f0400000)
 compacting perm gen  total 21248K, used 6004K [0x00000007fae00000, 0x00000007fc2c0000, 0x0000000800000000)
   the space 21248K,  28% used [0x00000007fae00000, 0x00000007fb3dd318, 0x00000007fb3dd400, 0x00000007fc2c0000)
No shared spaces configured.
Event: 58.502 GC heap after
Heap after GC invocations=361 (full 1):
 def new generation   total 5312K, used 57K [0x00000007e9e00000, 0x00000007ea3c0000, 0x00000007ef8a0000)
  eden space 4736K,   0% used [0x00000007e9e00000, 0x00000007e9e00000, 0x00000007ea2a0000)
  from space 576K,  10% used [0x00000007ea330000, 0x00000007ea33e7d0, 0x00000007ea3c0000)
  to   space 576K,   0% used [0x00000007ea2a0000, 0x00000007ea2a0000, 0x00000007ea330000)
 tenured generation   total 11648K, used 3175K [0x00000007ef8a0000, 0x00000007f0400000, 0x00000007fae00000)
   the space 11648K,  27% used [0x00000007ef8a0000, 0x00000007efbb9d40, 0x00000007efbb9e00, 0x00000007f0400000)
 compacting perm gen  total 21248K, used 6004K [0x00000007fae00000, 0x00000007fc2c0000, 0x0000000800000000)
   the space 21248K,  28% used [0x00000007fae00000, 0x00000007fb3dd318, 0x00000007fb3dd400, 0x00000007fc2c0000)
No shared spaces configured.
}
Event: 59.499 GC heap before
{Heap before GC invocations=361 (full 1):
 def new generation   total 5312K, used 4669K [0x00000007e9e00000, 0x00000007ea3c0000, 0x00000007ef8a0000)
  eden space 4736K,  97% used [0x00000007e9e00000, 0x00000007ea280d08, 0x00000007ea2a0000)
  from space 576K,  10% used [0x00000007ea330000, 0x00000007ea33e7d0, 0x00000007ea3c0000)
  to   space 576K,   0% used [0x00000007ea2a0000, 0x00000007ea2a0000, 0x00000007ea330000)
 tenured generation   total 11648K, used 3175K [0x00000007ef8a0000, 0x00000007f0400000, 0x00000007fae00000)
   the space 11648K,  27% used [0x00000007ef8a0000, 0x00000007efbb9d40, 0x00000007efbb9e00, 0x00000007f0400000)
 compacting perm gen  total 21248K, used 6004K [0x00000007fae00000, 0x00000007fc2c0000, 0x0000000800000000)
   the space 21248K,  28% used [0x00000007fae00000, 0x00000007fb3dd318, 0x00000007fb3dd400, 0x00000007fc2c0000)
No shared spaces configured.
Event: 59.500 GC heap after
Heap after GC invocations=362 (full 1):
 def new generation   total 5312K, used 57K [0x00000007e9e00000, 0x00000007ea3c0000, 0x00000007ef8a0000)
  eden space 4736K,   0% used [0x00000007e9e00000, 0x00000007e9e00000, 0x00000007ea2a0000)
  from space 576K,  10% used [0x00000007ea2a0000, 0x00000007ea2ae7d0, 0x00000007ea330000)
  to   space 576K,   0% used [0x00000007ea330000, 0x00000007ea330000, 0x00000007ea3c0000)
 tenured generation   total 11648K, used 3178K [0x00000007ef8a0000, 0x00000007f0400000, 0x00000007fae00000)
   the space 11648K,  27% used [0x00000007ef8a0000, 0x00000007efbba900, 0x00000007efbbaa00, 0x00000007f0400000)
 compacting perm gen  total 21248K, used 6004K [0x00000007fae00000, 0x00000007fc2c0000, 0x0000000800000000)
   the space 21248K,  28% used [0x00000007fae00000, 0x00000007fb3dd318, 0x00000007fb3dd400, 0x00000007fc2c0000)
No shared spaces configured.
}

