# JRE version: 7.0_17-b02
# Java VM: Java HotSpot(TM) 64-Bit Server VM (23.7-b01 mixed mode bsd-amd64 compressed oops)
Heap
 def new generation   total 4864K, used 2946K [0x00000007eb000000, 0x00000007eb540000, 0x00000007f04a0000)
  eden space 4352K,  66% used [0x00000007eb000000, 0x00000007eb2d2fc0, 0x00000007eb440000)
  from space 512K,  10% used [0x00000007eb440000, 0x00000007eb44dc20, 0x00000007eb4c0000)
  to   space 512K,   0% used [0x00000007eb4c0000, 0x00000007eb4c0000, 0x00000007eb540000)
 tenured generation   total 10880K, used 1355K [0x00000007f04a0000, 0x00000007f0f40000, 0x00000007fae00000)
   the space 10880K,  12% used [0x00000007f04a0000, 0x00000007f05f2ed0, 0x00000007f05f3000, 0x00000007f0f40000)
 compacting perm gen  total 21248K, used 5917K [0x00000007fae00000, 0x00000007fc2c0000, 0x0000000800000000)
   the space 21248K,  27% used [0x00000007fae00000, 0x00000007fb3c7430, 0x00000007fb3c7600, 0x00000007fc2c0000)
GC Heap History (10 events):
Event: 3.778 GC heap before
{Heap before GC invocations=27 (full 0):
 def new generation   total 4864K, used 4088K [0x00000007eb000000, 0x00000007eb540000, 0x00000007f04a0000)
  eden space 4352K,  92% used [0x00000007eb000000, 0x00000007eb3f07c8, 0x00000007eb440000)
  from space 512K,  10% used [0x00000007eb4c0000, 0x00000007eb4cdc10, 0x00000007eb540000)
  to   space 512K,   0% used [0x00000007eb440000, 0x00000007eb440000, 0x00000007eb4c0000)
 tenured generation   total 10880K, used 1341K [0x00000007f04a0000, 0x00000007f0f40000, 0x00000007fae00000)
   the space 10880K,  12% used [0x00000007f04a0000, 0x00000007f05ef778, 0x00000007f05ef800, 0x00000007f0f40000)
 compacting perm gen  total 21248K, used 5911K [0x00000007fae00000, 0x00000007fc2c0000, 0x0000000800000000)
   the space 21248K,  27% used [0x00000007fae00000, 0x00000007fb3c5dc0, 0x00000007fb3c5e00, 0x00000007fc2c0000)
No shared spaces configured.
Event: 3.779 GC heap after
Heap after GC invocations=28 (full 0):
 def new generation   total 4864K, used 54K [0x00000007eb000000, 0x00000007eb540000, 0x00000007f04a0000)
  eden space 4352K,   0% used [0x00000007eb000000, 0x00000007eb000000, 0x00000007eb440000)
  from space 512K,  10% used [0x00000007eb440000, 0x00000007eb44d8e0, 0x00000007eb4c0000)
  to   space 512K,   0% used [0x00000007eb4c0000, 0x00000007eb4c0000, 0x00000007eb540000)
 tenured generation   total 10880K, used 1345K [0x00000007f04a0000, 0x00000007f0f40000, 0x00000007fae00000)
   the space 10880K,  12% used [0x00000007f04a0000, 0x00000007f05f04f0, 0x00000007f05f0600, 0x00000007f0f40000)
 compacting perm gen  total 21248K, used 5911K [0x00000007fae00000, 0x00000007fc2c0000, 0x0000000800000000)
   the space 21248K,  27% used [0x00000007fae00000, 0x00000007fb3c5dc0, 0x00000007fb3c5e00, 0x00000007fc2c0000)
No shared spaces configured.
}
Event: 3.896 GC heap before
{Heap before GC invocations=28 (full 0):
 def new generation   total 4864K, used 4090K [0x00000007eb000000, 0x00000007eb540000, 0x00000007f04a0000)
  eden space 4352K,  92% used [0x00000007eb000000, 0x00000007eb3f0fe0, 0x00000007eb440000)
  from space 512K,  10% used [0x00000007eb440000, 0x00000007eb44d8e0, 0x00000007eb4c0000)
  to   space 512K,   0% used [0x00000007eb4c0000, 0x00000007eb4c0000, 0x00000007eb540000)
 tenured generation   total 10880K, used 1345K [0x00000007f04a0000, 0x00000007f0f40000, 0x00000007fae00000)
   the space 10880K,  12% used [0x00000007f04a0000, 0x00000007f05f04f0, 0x00000007f05f0600, 0x00000007f0f40000)
 compacting perm gen  total 21248K, used 5911K [0x00000007fae00000, 0x00000007fc2c0000, 0x0000000800000000)
   the space 21248K,  27% used [0x00000007fae00000, 0x00000007fb3c5dc0, 0x00000007fb3c5e00, 0x00000007fc2c0000)
No shared spaces configured.
Event: 3.896 GC heap after
Heap after GC invocations=29 (full 0):
 def new generation   total 4864K, used 55K [0x00000007eb000000, 0x00000007eb540000, 0x00000007f04a0000)
  eden space 4352K,   0% used [0x00000007eb000000, 0x00000007eb000000, 0x00000007eb440000)
  from space 512K,  10% used [0x00000007eb4c0000, 0x00000007eb4cdce0, 0x00000007eb540000)
  to   space 512K,   0% used [0x00000007eb440000, 0x00000007eb440000, 0x00000007eb4c0000)
 tenured generation   total 10880K, used 1347K [0x00000007f04a0000, 0x00000007f0f40000, 0x00000007fae00000)
   the space 10880K,  12% used [0x00000007f04a0000, 0x00000007f05f0f38, 0x00000007f05f1000, 0x00000007f0f40000)
 compacting perm gen  total 21248K, used 5911K [0x00000007fae00000, 0x00000007fc2c0000, 0x0000000800000000)
   the space 21248K,  27% used [0x00000007fae00000, 0x00000007fb3c5dc0, 0x00000007fb3c5e00, 0x00000007fc2c0000)
No shared spaces configured.
}
Event: 4.011 GC heap before
{Heap before GC invocations=29 (full 0):
 def new generation   total 4864K, used 4089K [0x00000007eb000000, 0x00000007eb540000, 0x00000007f04a0000)
  eden space 4352K,  92% used [0x00000007eb000000, 0x00000007eb3f07d0, 0x00000007eb440000)
  from space 512K,  10% used [0x00000007eb4c0000, 0x00000007eb4cdce0, 0x00000007eb540000)
  to   space 512K,   0% used [0x00000007eb440000, 0x00000007eb440000, 0x00000007eb4c0000)
 tenured generation   total 10880K, used 1347K [0x00000007f04a0000, 0x00000007f0f40000, 0x00000007fae00000)
   the space 10880K,  12% used [0x00000007f04a0000, 0x00000007f05f0f38, 0x00000007f05f1000, 0x00000007f0f40000)
 compacting perm gen  total 21248K, used 5911K [0x00000007fae00000, 0x00000007fc2c0000, 0x0000000800000000)
   the space 21248K,  27% used [0x00000007fae00000, 0x00000007fb3c5ec8, 0x00000007fb3c6000, 0x00000007fc2c0000)
No shared spaces configured.
Event: 4.011 GC heap after
Heap after GC invocations=30 (full 0):
 def new generation   total 4864K, used 55K [0x00000007eb000000, 0x00000007eb540000, 0x00000007f04a0000)
  eden space 4352K,   0% used [0x00000007eb000000, 0x00000007eb000000, 0x00000007eb440000)
  from space 512K,  10% used [0x00000007eb440000, 0x00000007eb44dce0, 0x00000007eb4c0000)
  to   space 512K,   0% used [0x00000007eb4c0000, 0x00000007eb4c0000, 0x00000007eb540000)
 tenured generation   total 10880K, used 1350K [0x00000007f04a0000, 0x00000007f0f40000, 0x00000007fae00000)
   the space 10880K,  12% used [0x00000007f04a0000, 0x00000007f05f1980, 0x00000007f05f1a00, 0x00000007f0f40000)
 compacting perm gen  total 21248K, used 5911K [0x00000007fae00000, 0x00000007fc2c0000, 0x0000000800000000)
   the space 21248K,  27% used [0x00000007fae00000, 0x00000007fb3c5ec8, 0x00000007fb3c6000, 0x00000007fc2c0000)
No shared spaces configured.
}
Event: 4.128 GC heap before
{Heap before GC invocations=30 (full 0):
 def new generation   total 4864K, used 4089K [0x00000007eb000000, 0x00000007eb540000, 0x00000007f04a0000)
  eden space 4352K,  92% used [0x00000007eb000000, 0x00000007eb3f07d0, 0x00000007eb440000)
  from space 512K,  10% used [0x00000007eb440000, 0x00000007eb44dce0, 0x00000007eb4c0000)
  to   space 512K,   0% used [0x00000007eb4c0000, 0x00000007eb4c0000, 0x00000007eb540000)
 tenured generation   total 10880K, used 1350K [0x00000007f04a0000, 0x00000007f0f40000, 0x00000007fae00000)
   the space 10880K,  12% used [0x00000007f04a0000, 0x00000007f05f1980, 0x00000007f05f1a00, 0x00000007f0f40000)
 compacting perm gen  total 21248K, used 5911K [0x00000007fae00000, 0x00000007fc2c0000, 0x0000000800000000)
   the space 21248K,  27% used [0x00000007fae00000, 0x00000007fb3c5ec8, 0x00000007fb3c6000, 0x00000007fc2c0000)
No shared spaces configured.
Event: 4.129 GC heap after
Heap after GC invocations=31 (full 0):
 def new generation   total 4864K, used 55K [0x00000007eb000000, 0x00000007eb540000, 0x00000007f04a0000)
  eden space 4352K,   0% used [0x00000007eb000000, 0x00000007eb000000, 0x00000007eb440000)
  from space 512K,  10% used [0x00000007eb4c0000, 0x00000007eb4cdc20, 0x00000007eb540000)
  to   space 512K,   0% used [0x00000007eb440000, 0x00000007eb440000, 0x00000007eb4c0000)
 tenured generation   total 10880K, used 1353K [0x00000007f04a0000, 0x00000007f0f40000, 0x00000007fae00000)
   the space 10880K,  12% used [0x00000007f04a0000, 0x00000007f05f2488, 0x00000007f05f2600, 0x00000007f0f40000)
 compacting perm gen  total 21248K, used 5911K [0x00000007fae00000, 0x00000007fc2c0000, 0x0000000800000000)
   the space 21248K,  27% used [0x00000007fae00000, 0x00000007fb3c5ec8, 0x00000007fb3c6000, 0x00000007fc2c0000)
No shared spaces configured.
}
Event: 4.248 GC heap before
{Heap before GC invocations=31 (full 0):
 def new generation   total 4864K, used 4088K [0x00000007eb000000, 0x00000007eb540000, 0x00000007f04a0000)
  eden space 4352K,  92% used [0x00000007eb000000, 0x00000007eb3f07d0, 0x00000007eb440000)
  from space 512K,  10% used [0x00000007eb4c0000, 0x00000007eb4cdc20, 0x00000007eb540000)
  to   space 512K,   0% used [0x00000007eb440000, 0x00000007eb440000, 0x00000007eb4c0000)
 tenured generation   total 10880K, used 1353K [0x00000007f04a0000, 0x00000007f0f40000, 0x00000007fae00000)
   the space 10880K,  12% used [0x00000007f04a0000, 0x00000007f05f2488, 0x00000007f05f2600, 0x00000007f0f40000)
 compacting perm gen  total 21248K, used 5911K [0x00000007fae00000, 0x00000007fc2c0000, 0x0000000800000000)
   the space 21248K,  27% used [0x00000007fae00000, 0x00000007fb3c5ec8, 0x00000007fb3c6000, 0x00000007fc2c0000)
No shared spaces configured.
Event: 4.248 GC heap after
Heap after GC invocations=32 (full 0):
 def new generation   total 4864K, used 55K [0x00000007eb000000, 0x00000007eb540000, 0x00000007f04a0000)
  eden space 4352K,   0% used [0x00000007eb000000, 0x00000007eb000000, 0x00000007eb440000)
  from space 512K,  10% used [0x00000007eb440000, 0x00000007eb44dc20, 0x00000007eb4c0000)
  to   space 512K,   0% used [0x00000007eb4c0000, 0x00000007eb4c0000, 0x00000007eb540000)
 tenured generation   total 10880K, used 1355K [0x00000007f04a0000, 0x00000007f0f40000, 0x00000007fae00000)
   the space 10880K,  12% used [0x00000007f04a0000, 0x00000007f05f2ed0, 0x00000007f05f3000, 0x00000007f0f40000)
 compacting perm gen  total 21248K, used 5911K [0x00000007fae00000, 0x00000007fc2c0000, 0x0000000800000000)
   the space 21248K,  27% used [0x00000007fae00000, 0x00000007fb3c5ec8, 0x00000007fb3c6000, 0x00000007fc2c0000)
No shared spaces configured.
}

