# JRE version: 7.0_17-b02
# Java VM: Java HotSpot(TM) 64-Bit Server VM (23.7-b01 mixed mode bsd-amd64 compressed oops)
Heap
 def new generation   total 4608K, used 3762K [0x00000007ec000000, 0x00000007ec4f0000, 0x00000007f0f50000)
  eden space 4160K,  79% used [0x00000007ec000000, 0x00000007ec33ca68, 0x00000007ec410000)
  from space 448K, 100% used [0x00000007ec410000, 0x00000007ec480000, 0x00000007ec480000)
  to   space 448K,   0% used [0x00000007ec480000, 0x00000007ec480000, 0x00000007ec4f0000)
 tenured generation   total 10176K, used 1163K [0x00000007f0f50000, 0x00000007f1940000, 0x00000007fae00000)
   the space 10176K,  11% used [0x00000007f0f50000, 0x00000007f1072f20, 0x00000007f1073000, 0x00000007f1940000)
 compacting perm gen  total 21248K, used 6035K [0x00000007fae00000, 0x00000007fc2c0000, 0x0000000800000000)
   the space 21248K,  28% used [0x00000007fae00000, 0x00000007fb3e4ed8, 0x00000007fb3e5000, 0x00000007fc2c0000)
GC Heap History (4 events):
Event: 0.550 GC heap before
{Heap before GC invocations=0 (full 0):
 def new generation   total 4608K, used 4160K [0x00000007ec000000, 0x00000007ec4f0000, 0x00000007f0f50000)
  eden space 4160K, 100% used [0x00000007ec000000, 0x00000007ec410000, 0x00000007ec410000)
  from space 448K,   0% used [0x00000007ec410000, 0x00000007ec410000, 0x00000007ec480000)
  to   space 448K,   0% used [0x00000007ec480000, 0x00000007ec480000, 0x00000007ec4f0000)
 tenured generation   total 10176K, used 0K [0x00000007f0f50000, 0x00000007f1940000, 0x00000007fae00000)
   the space 10176K,   0% used [0x00000007f0f50000, 0x00000007f0f50000, 0x00000007f0f50200, 0x00000007f1940000)
 compacting perm gen  total 21248K, used 5101K [0x00000007fae00000, 0x00000007fc2c0000, 0x0000000800000000)
   the space 21248K,  24% used [0x00000007fae00000, 0x00000007fb2fb7f8, 0x00000007fb2fb800, 0x00000007fc2c0000)
No shared spaces configured.
Event: 0.556 GC heap after
Heap after GC invocations=1 (full 0):
 def new generation   total 4608K, used 448K [0x00000007ec000000, 0x00000007ec4f0000, 0x00000007f0f50000)
  eden space 4160K,   0% used [0x00000007ec000000, 0x00000007ec000000, 0x00000007ec410000)
  from space 448K, 100% used [0x00000007ec480000, 0x00000007ec4f0000, 0x00000007ec4f0000)
  to   space 448K,   0% used [0x00000007ec410000, 0x00000007ec410000, 0x00000007ec480000)
 tenured generation   total 10176K, used 694K [0x00000007f0f50000, 0x00000007f1940000, 0x00000007fae00000)
   the space 10176K,   6% used [0x00000007f0f50000, 0x00000007f0ffdb28, 0x00000007f0ffdc00, 0x00000007f1940000)
 compacting perm gen  total 21248K, used 5101K [0x00000007fae00000, 0x00000007fc2c0000, 0x0000000800000000)
   the space 21248K,  24% used [0x00000007fae00000, 0x00000007fb2fb7f8, 0x00000007fb2fb800, 0x00000007fc2c0000)
No shared spaces configured.
}
Event: 2.617 GC heap before
{Heap before GC invocations=1 (full 0):
 def new generation   total 4608K, used 4602K [0x00000007ec000000, 0x00000007ec4f0000, 0x00000007f0f50000)
  eden space 4160K,  99% used [0x00000007ec000000, 0x00000007ec40e8a0, 0x00000007ec410000)
  from space 448K, 100% used [0x00000007ec480000, 0x00000007ec4f0000, 0x00000007ec4f0000)
  to   space 448K,   0% used [0x00000007ec410000, 0x00000007ec410000, 0x00000007ec480000)
 tenured generation   total 10176K, used 694K [0x00000007f0f50000, 0x00000007f1940000, 0x00000007fae00000)
   the space 10176K,   6% used [0x00000007f0f50000, 0x00000007f0ffdb28, 0x00000007f0ffdc00, 0x00000007f1940000)
 compacting perm gen  total 21248K, used 6027K [0x00000007fae00000, 0x00000007fc2c0000, 0x0000000800000000)
   the space 21248K,  28% used [0x00000007fae00000, 0x00000007fb3e2fd8, 0x00000007fb3e3000, 0x00000007fc2c0000)
No shared spaces configured.
Event: 2.624 GC heap after
Heap after GC invocations=2 (full 0):
 def new generation   total 4608K, used 448K [0x00000007ec000000, 0x00000007ec4f0000, 0x00000007f0f50000)
  eden space 4160K,   0% used [0x00000007ec000000, 0x00000007ec000000, 0x00000007ec410000)
  from space 448K, 100% used [0x00000007ec410000, 0x00000007ec480000, 0x00000007ec480000)
  to   space 448K,   0% used [0x00000007ec480000, 0x00000007ec480000, 0x00000007ec4f0000)
 tenured generation   total 10176K, used 1163K [0x00000007f0f50000, 0x00000007f1940000, 0x00000007fae00000)
   the space 10176K,  11% used [0x00000007f0f50000, 0x00000007f1072f20, 0x00000007f1073000, 0x00000007f1940000)
 compacting perm gen  total 21248K, used 6027K [0x00000007fae00000, 0x00000007fc2c0000, 0x0000000800000000)
   the space 21248K,  28% used [0x00000007fae00000, 0x00000007fb3e2fd8, 0x00000007fb3e3000, 0x00000007fc2c0000)
No shared spaces configured.
}

