# JRE version: 7.0_17-b02
# Java VM: Java HotSpot(TM) 64-Bit Server VM (23.7-b01 mixed mode bsd-amd64 compressed oops)
Heap
 def new generation   total 5376K, used 4080K [0x00000007e9600000, 0x00000007e9bd0000, 0x00000007ef350000)
  eden space 4800K,  84% used [0x00000007e9600000, 0x00000007e99f47d8, 0x00000007e9ab0000)
  from space 576K,   5% used [0x00000007e9b40000, 0x00000007e9b478c8, 0x00000007e9bd0000)
  to   space 576K,   0% used [0x00000007e9ab0000, 0x00000007e9ab0000, 0x00000007e9b40000)
 tenured generation   total 11904K, used 1323K [0x00000007ef350000, 0x00000007efef0000, 0x00000007fae00000)
   the space 11904K,  11% used [0x00000007ef350000, 0x00000007ef49acb8, 0x00000007ef49ae00, 0x00000007efef0000)
 compacting perm gen  total 21248K, used 5919K [0x00000007fae00000, 0x00000007fc2c0000, 0x0000000800000000)
   the space 21248K,  27% used [0x00000007fae00000, 0x00000007fb3c7eb0, 0x00000007fb3c8000, 0x00000007fc2c0000)
GC Heap History (10 events):
Event: 1.353 GC heap before
{Heap before GC invocations=8 (full 0):
 def new generation   total 5376K, used 4650K [0x00000007e9600000, 0x00000007e9bd0000, 0x00000007ef350000)
  eden space 4800K,  96% used [0x00000007e9600000, 0x00000007e9a82fb0, 0x00000007e9ab0000)
  from space 576K,   5% used [0x00000007e9ab0000, 0x00000007e9ab78c8, 0x00000007e9b40000)
  to   space 576K,   0% used [0x00000007e9b40000, 0x00000007e9b40000, 0x00000007e9bd0000)
 tenured generation   total 11904K, used 1323K [0x00000007ef350000, 0x00000007efef0000, 0x00000007fae00000)
   the space 11904K,  11% used [0x00000007ef350000, 0x00000007ef49acb8, 0x00000007ef49ae00, 0x00000007efef0000)
 compacting perm gen  total 21248K, used 5909K [0x00000007fae00000, 0x00000007fc2c0000, 0x0000000800000000)
   the space 21248K,  27% used [0x00000007fae00000, 0x00000007fb3c56b0, 0x00000007fb3c5800, 0x00000007fc2c0000)
No shared spaces configured.
Event: 1.354 GC heap after
Heap after GC invocations=9 (full 0):
 def new generation   total 5376K, used 30K [0x00000007e9600000, 0x00000007e9bd0000, 0x00000007ef350000)
  eden space 4800K,   0% used [0x00000007e9600000, 0x00000007e9600000, 0x00000007e9ab0000)
  from space 576K,   5% used [0x00000007e9b40000, 0x00000007e9b478c8, 0x00000007e9bd0000)
  to   space 576K,   0% used [0x00000007e9ab0000, 0x00000007e9ab0000, 0x00000007e9b40000)
 tenured generation   total 11904K, used 1323K [0x00000007ef350000, 0x00000007efef0000, 0x00000007fae00000)
   the space 11904K,  11% used [0x00000007ef350000, 0x00000007ef49acb8, 0x00000007ef49ae00, 0x00000007efef0000)
 compacting perm gen  total 21248K, used 5909K [0x00000007fae00000, 0x00000007fc2c0000, 0x0000000800000000)
   the space 21248K,  27% used [0x00000007fae00000, 0x00000007fb3c56b0, 0x00000007fb3c5800, 0x00000007fc2c0000)
No shared spaces configured.
}
Event: 1.461 GC heap before
{Heap before GC invocations=9 (full 0):
 def new generation   total 5376K, used 4648K [0x00000007e9600000, 0x00000007e9bd0000, 0x00000007ef350000)
  eden space 4800K,  96% used [0x00000007e9600000, 0x00000007e9a82850, 0x00000007e9ab0000)
  from space 576K,   5% used [0x00000007e9b40000, 0x00000007e9b478c8, 0x00000007e9bd0000)
  to   space 576K,   0% used [0x00000007e9ab0000, 0x00000007e9ab0000, 0x00000007e9b40000)
 tenured generation   total 11904K, used 1323K [0x00000007ef350000, 0x00000007efef0000, 0x00000007fae00000)
   the space 11904K,  11% used [0x00000007ef350000, 0x00000007ef49acb8, 0x00000007ef49ae00, 0x00000007efef0000)
 compacting perm gen  total 21248K, used 5913K [0x00000007fae00000, 0x00000007fc2c0000, 0x0000000800000000)
   the space 21248K,  27% used [0x00000007fae00000, 0x00000007fb3c6788, 0x00000007fb3c6800, 0x00000007fc2c0000)
No shared spaces configured.
Event: 1.462 GC heap after
Heap after GC invocations=10 (full 0):
 def new generation   total 5376K, used 30K [0x00000007e9600000, 0x00000007e9bd0000, 0x00000007ef350000)
  eden space 4800K,   0% used [0x00000007e9600000, 0x00000007e9600000, 0x00000007e9ab0000)
  from space 576K,   5% used [0x00000007e9ab0000, 0x00000007e9ab78c8, 0x00000007e9b40000)
  to   space 576K,   0% used [0x00000007e9b40000, 0x00000007e9b40000, 0x00000007e9bd0000)
 tenured generation   total 11904K, used 1323K [0x00000007ef350000, 0x00000007efef0000, 0x00000007fae00000)
   the space 11904K,  11% used [0x00000007ef350000, 0x00000007ef49acb8, 0x00000007ef49ae00, 0x00000007efef0000)
 compacting perm gen  total 21248K, used 5913K [0x00000007fae00000, 0x00000007fc2c0000, 0x0000000800000000)
   the space 21248K,  27% used [0x00000007fae00000, 0x00000007fb3c6788, 0x00000007fb3c6800, 0x00000007fc2c0000)
No shared spaces configured.
}
Event: 1.559 GC heap before
{Heap before GC invocations=10 (full 0):
 def new generation   total 5376K, used 4647K [0x00000007e9600000, 0x00000007e9bd0000, 0x00000007ef350000)
  eden space 4800K,  96% used [0x00000007e9600000, 0x00000007e9a82538, 0x00000007e9ab0000)
  from space 576K,   5% used [0x00000007e9ab0000, 0x00000007e9ab78c8, 0x00000007e9b40000)
  to   space 576K,   0% used [0x00000007e9b40000, 0x00000007e9b40000, 0x00000007e9bd0000)
 tenured generation   total 11904K, used 1323K [0x00000007ef350000, 0x00000007efef0000, 0x00000007fae00000)
   the space 11904K,  11% used [0x00000007ef350000, 0x00000007ef49acb8, 0x00000007ef49ae00, 0x00000007efef0000)
 compacting perm gen  total 21248K, used 5914K [0x00000007fae00000, 0x00000007fc2c0000, 0x0000000800000000)
   the space 21248K,  27% used [0x00000007fae00000, 0x00000007fb3c6848, 0x00000007fb3c6a00, 0x00000007fc2c0000)
No shared spaces configured.
Event: 1.559 GC heap after
Heap after GC invocations=11 (full 0):
 def new generation   total 5376K, used 30K [0x00000007e9600000, 0x00000007e9bd0000, 0x00000007ef350000)
  eden space 4800K,   0% used [0x00000007e9600000, 0x00000007e9600000, 0x00000007e9ab0000)
  from space 576K,   5% used [0x00000007e9b40000, 0x00000007e9b478c8, 0x00000007e9bd0000)
  to   space 576K,   0% used [0x00000007e9ab0000, 0x00000007e9ab0000, 0x00000007e9b40000)
 tenured generation   total 11904K, used 1323K [0x00000007ef350000, 0x00000007efef0000, 0x00000007fae00000)
   the space 11904K,  11% used [0x00000007ef350000, 0x00000007ef49acb8, 0x00000007ef49ae00, 0x00000007efef0000)
 compacting perm gen  total 21248K, used 5914K [0x00000007fae00000, 0x00000007fc2c0000, 0x0000000800000000)
   the space 21248K,  27% used [0x00000007fae00000, 0x00000007fb3c6848, 0x00000007fb3c6a00, 0x00000007fc2c0000)
No shared spaces configured.
}
Event: 1.650 GC heap before
{Heap before GC invocations=11 (full 0):
 def new generation   total 5376K, used 4649K [0x00000007e9600000, 0x00000007e9bd0000, 0x00000007ef350000)
  eden space 4800K,  96% used [0x00000007e9600000, 0x00000007e9a82be8, 0x00000007e9ab0000)
  from space 576K,   5% used [0x00000007e9b40000, 0x00000007e9b478c8, 0x00000007e9bd0000)
  to   space 576K,   0% used [0x00000007e9ab0000, 0x00000007e9ab0000, 0x00000007e9b40000)
 tenured generation   total 11904K, used 1323K [0x00000007ef350000, 0x00000007efef0000, 0x00000007fae00000)
   the space 11904K,  11% used [0x00000007ef350000, 0x00000007ef49acb8, 0x00000007ef49ae00, 0x00000007efef0000)
 compacting perm gen  total 21248K, used 5914K [0x00000007fae00000, 0x00000007fc2c0000, 0x0000000800000000)
   the space 21248K,  27% used [0x00000007fae00000, 0x00000007fb3c6848, 0x00000007fb3c6a00, 0x00000007fc2c0000)
No shared spaces configured.
Event: 1.650 GC heap after
Heap after GC invocations=12 (full 0):
 def new generation   total 5376K, used 30K [0x00000007e9600000, 0x00000007e9bd0000, 0x00000007ef350000)
  eden space 4800K,   0% used [0x00000007e9600000, 0x00000007e9600000, 0x00000007e9ab0000)
  from space 576K,   5% used [0x00000007e9ab0000, 0x00000007e9ab78c8, 0x00000007e9b40000)
  to   space 576K,   0% used [0x00000007e9b40000, 0x00000007e9b40000, 0x00000007e9bd0000)
 tenured generation   total 11904K, used 1323K [0x00000007ef350000, 0x00000007efef0000, 0x00000007fae00000)
   the space 11904K,  11% used [0x00000007ef350000, 0x00000007ef49acb8, 0x00000007ef49ae00, 0x00000007efef0000)
 compacting perm gen  total 21248K, used 5914K [0x00000007fae00000, 0x00000007fc2c0000, 0x0000000800000000)
   the space 21248K,  27% used [0x00000007fae00000, 0x00000007fb3c6848, 0x00000007fb3c6a00, 0x00000007fc2c0000)
No shared spaces configured.
}
Event: 1.741 GC heap before
{Heap before GC invocations=12 (full 0):
 def new generation   total 5376K, used 4647K [0x00000007e9600000, 0x00000007e9bd0000, 0x00000007ef350000)
  eden space 4800K,  96% used [0x00000007e9600000, 0x00000007e9a826c0, 0x00000007e9ab0000)
  from space 576K,   5% used [0x00000007e9ab0000, 0x00000007e9ab78c8, 0x00000007e9b40000)
  to   space 576K,   0% used [0x00000007e9b40000, 0x00000007e9b40000, 0x00000007e9bd0000)
 tenured generation   total 11904K, used 1323K [0x00000007ef350000, 0x00000007efef0000, 0x00000007fae00000)
   the space 11904K,  11% used [0x00000007ef350000, 0x00000007ef49acb8, 0x00000007ef49ae00, 0x00000007efef0000)
 compacting perm gen  total 21248K, used 5914K [0x00000007fae00000, 0x00000007fc2c0000, 0x0000000800000000)
   the space 21248K,  27% used [0x00000007fae00000, 0x00000007fb3c6948, 0x00000007fb3c6a00, 0x00000007fc2c0000)
No shared spaces configured.
Event: 1.741 GC heap after
Heap after GC invocations=13 (full 0):
 def new generation   total 5376K, used 30K [0x00000007e9600000, 0x00000007e9bd0000, 0x00000007ef350000)
  eden space 4800K,   0% used [0x00000007e9600000, 0x00000007e9600000, 0x00000007e9ab0000)
  from space 576K,   5% used [0x00000007e9b40000, 0x00000007e9b478c8, 0x00000007e9bd0000)
  to   space 576K,   0% used [0x00000007e9ab0000, 0x00000007e9ab0000, 0x00000007e9b40000)
 tenured generation   total 11904K, used 1323K [0x00000007ef350000, 0x00000007efef0000, 0x00000007fae00000)
   the space 11904K,  11% used [0x00000007ef350000, 0x00000007ef49acb8, 0x00000007ef49ae00, 0x00000007efef0000)
 compacting perm gen  total 21248K, used 5914K [0x00000007fae00000, 0x00000007fc2c0000, 0x0000000800000000)
   the space 21248K,  27% used [0x00000007fae00000, 0x00000007fb3c6948, 0x00000007fb3c6a00, 0x00000007fc2c0000)
No shared spaces configured.
}

