# JRE version: 7.0_17-b02
# Java VM: Java HotSpot(TM) 64-Bit Server VM (23.7-b01 mixed mode bsd-amd64 compressed oops)
Heap
 def new generation   total 20096K, used 2375K [0x00000007f0000000, 0x00000007f15c0000, 0x00000007f3a00000)
  eden space 17920K,   5% used [0x00000007f0000000, 0x00000007f010c798, 0x00000007f1180000)
  from space 2176K,  59% used [0x00000007f13a0000, 0x00000007f14e5490, 0x00000007f15c0000)
  to   space 2176K,   0% used [0x00000007f1180000, 0x00000007f1180000, 0x00000007f13a0000)
 tenured generation   total 44468K, used 38109K [0x00000007f3a00000, 0x00000007f656d000, 0x00000007fae00000)
   the space 44468K,  85% used [0x00000007f3a00000, 0x00000007f5f37560, 0x00000007f5f37600, 0x00000007f656d000)
 compacting perm gen  total 21248K, used 8805K [0x00000007fae00000, 0x00000007fc2c0000, 0x0000000800000000)
   the space 21248K,  41% used [0x00000007fae00000, 0x00000007fb699638, 0x00000007fb699800, 0x00000007fc2c0000)
GC Heap History (10 events):
Event: 210.055 GC heap before
{Heap before GC invocations=1065 (full 73):
 def new generation   total 20096K, used 19221K [0x00000007f0000000, 0x00000007f15c0000, 0x00000007f3a00000)
  eden space 17920K, 100% used [0x00000007f0000000, 0x00000007f1180000, 0x00000007f1180000)
  from space 2176K,  59% used [0x00000007f1180000, 0x00000007f12c5440, 0x00000007f13a0000)
  to   space 2176K,   0% used [0x00000007f13a0000, 0x00000007f13a0000, 0x00000007f15c0000)
 tenured generation   total 44468K, used 36721K [0x00000007f3a00000, 0x00000007f656d000, 0x00000007fae00000)
   the space 44468K,  82% used [0x00000007f3a00000, 0x00000007f5ddc5f0, 0x00000007f5ddc600, 0x00000007f656d000)
 compacting perm gen  total 21248K, used 8800K [0x00000007fae00000, 0x00000007fc2c0000, 0x0000000800000000)
   the space 21248K,  41% used [0x00000007fae00000, 0x00000007fb6980d0, 0x00000007fb698200, 0x00000007fc2c0000)
No shared spaces configured.
Event: 210.060 GC heap after
Heap after GC invocations=1066 (full 73):
 def new generation   total 20096K, used 1299K [0x00000007f0000000, 0x00000007f15c0000, 0x00000007f3a00000)
  eden space 17920K,   0% used [0x00000007f0000000, 0x00000007f0000000, 0x00000007f1180000)
  from space 2176K,  59% used [0x00000007f13a0000, 0x00000007f14e4ff8, 0x00000007f15c0000)
  to   space 2176K,   0% used [0x00000007f1180000, 0x00000007f1180000, 0x00000007f13a0000)
 tenured generation   total 44468K, used 36999K [0x00000007f3a00000, 0x00000007f656d000, 0x00000007fae00000)
   the space 44468K,  83% used [0x00000007f3a00000, 0x00000007f5e21c68, 0x00000007f5e21e00, 0x00000007f656d000)
 compacting perm gen  total 21248K, used 8800K [0x00000007fae00000, 0x00000007fc2c0000, 0x0000000800000000)
   the space 21248K,  41% used [0x00000007fae00000, 0x00000007fb6980d0, 0x00000007fb698200, 0x00000007fc2c0000)
No shared spaces configured.
}
Event: 211.766 GC heap before
{Heap before GC invocations=1066 (full 73):
 def new generation   total 20096K, used 19219K [0x00000007f0000000, 0x00000007f15c0000, 0x00000007f3a00000)
  eden space 17920K, 100% used [0x00000007f0000000, 0x00000007f1180000, 0x00000007f1180000)
  from space 2176K,  59% used [0x00000007f13a0000, 0x00000007f14e4ff8, 0x00000007f15c0000)
  to   space 2176K,   0% used [0x00000007f1180000, 0x00000007f1180000, 0x00000007f13a0000)
 tenured generation   total 44468K, used 36999K [0x00000007f3a00000, 0x00000007f656d000, 0x00000007fae00000)
   the space 44468K,  83% used [0x00000007f3a00000, 0x00000007f5e21c68, 0x00000007f5e21e00, 0x00000007f656d000)
 compacting perm gen  total 21248K, used 8800K [0x00000007fae00000, 0x00000007fc2c0000, 0x0000000800000000)
   the space 21248K,  41% used [0x00000007fae00000, 0x00000007fb6980d0, 0x00000007fb698200, 0x00000007fc2c0000)
No shared spaces configured.
Event: 211.771 GC heap after
Heap after GC invocations=1067 (full 73):
 def new generation   total 20096K, used 1309K [0x00000007f0000000, 0x00000007f15c0000, 0x00000007f3a00000)
  eden space 17920K,   0% used [0x00000007f0000000, 0x00000007f0000000, 0x00000007f1180000)
  from space 2176K,  60% used [0x00000007f1180000, 0x00000007f12c7498, 0x00000007f13a0000)
  to   space 2176K,   0% used [0x00000007f13a0000, 0x00000007f13a0000, 0x00000007f15c0000)
 tenured generation   total 44468K, used 37277K [0x00000007f3a00000, 0x00000007f656d000, 0x00000007fae00000)
   the space 44468K,  83% used [0x00000007f3a00000, 0x00000007f5e67418, 0x00000007f5e67600, 0x00000007f656d000)
 compacting perm gen  total 21248K, used 8800K [0x00000007fae00000, 0x00000007fc2c0000, 0x0000000800000000)
   the space 21248K,  41% used [0x00000007fae00000, 0x00000007fb6980d0, 0x00000007fb698200, 0x00000007fc2c0000)
No shared spaces configured.
}
Event: 213.859 GC heap before
{Heap before GC invocations=1067 (full 73):
 def new generation   total 20096K, used 19229K [0x00000007f0000000, 0x00000007f15c0000, 0x00000007f3a00000)
  eden space 17920K, 100% used [0x00000007f0000000, 0x00000007f1180000, 0x00000007f1180000)
  from space 2176K,  60% used [0x00000007f1180000, 0x00000007f12c7498, 0x00000007f13a0000)
  to   space 2176K,   0% used [0x00000007f13a0000, 0x00000007f13a0000, 0x00000007f15c0000)
 tenured generation   total 44468K, used 37277K [0x00000007f3a00000, 0x00000007f656d000, 0x00000007fae00000)
   the space 44468K,  83% used [0x00000007f3a00000, 0x00000007f5e67418, 0x00000007f5e67600, 0x00000007f656d000)
 compacting perm gen  total 21248K, used 8800K [0x00000007fae00000, 0x00000007fc2c0000, 0x0000000800000000)
   the space 21248K,  41% used [0x00000007fae00000, 0x00000007fb6980d0, 0x00000007fb698200, 0x00000007fc2c0000)
No shared spaces configured.
Event: 213.864 GC heap after
Heap after GC invocations=1068 (full 73):
 def new generation   total 20096K, used 1302K [0x00000007f0000000, 0x00000007f15c0000, 0x00000007f3a00000)
  eden space 17920K,   0% used [0x00000007f0000000, 0x00000007f0000000, 0x00000007f1180000)
  from space 2176K,  59% used [0x00000007f13a0000, 0x00000007f14e5820, 0x00000007f15c0000)
  to   space 2176K,   0% used [0x00000007f1180000, 0x00000007f1180000, 0x00000007f13a0000)
 tenured generation   total 44468K, used 37554K [0x00000007f3a00000, 0x00000007f656d000, 0x00000007fae00000)
   the space 44468K,  84% used [0x00000007f3a00000, 0x00000007f5eac968, 0x00000007f5eaca00, 0x00000007f656d000)
 compacting perm gen  total 21248K, used 8800K [0x00000007fae00000, 0x00000007fc2c0000, 0x0000000800000000)
   the space 21248K,  41% used [0x00000007fae00000, 0x00000007fb6980d0, 0x00000007fb698200, 0x00000007fc2c0000)
No shared spaces configured.
}
Event: 215.389 GC heap before
{Heap before GC invocations=1068 (full 73):
 def new generation   total 20096K, used 19222K [0x00000007f0000000, 0x00000007f15c0000, 0x00000007f3a00000)
  eden space 17920K, 100% used [0x00000007f0000000, 0x00000007f1180000, 0x00000007f1180000)
  from space 2176K,  59% used [0x00000007f13a0000, 0x00000007f14e5820, 0x00000007f15c0000)
  to   space 2176K,   0% used [0x00000007f1180000, 0x00000007f1180000, 0x00000007f13a0000)
 tenured generation   total 44468K, used 37554K [0x00000007f3a00000, 0x00000007f656d000, 0x00000007fae00000)
   the space 44468K,  84% used [0x00000007f3a00000, 0x00000007f5eac968, 0x00000007f5eaca00, 0x00000007f656d000)
 compacting perm gen  total 21248K, used 8800K [0x00000007fae00000, 0x00000007fc2c0000, 0x0000000800000000)
   the space 21248K,  41% used [0x00000007fae00000, 0x00000007fb6980d0, 0x00000007fb698200, 0x00000007fc2c0000)
No shared spaces configured.
Event: 215.395 GC heap after
Heap after GC invocations=1069 (full 73):
 def new generation   total 20096K, used 1310K [0x00000007f0000000, 0x00000007f15c0000, 0x00000007f3a00000)
  eden space 17920K,   0% used [0x00000007f0000000, 0x00000007f0000000, 0x00000007f1180000)
  from space 2176K,  60% used [0x00000007f1180000, 0x00000007f12c7898, 0x00000007f13a0000)
  to   space 2176K,   0% used [0x00000007f13a0000, 0x00000007f13a0000, 0x00000007f15c0000)
 tenured generation   total 44468K, used 37831K [0x00000007f3a00000, 0x00000007f656d000, 0x00000007fae00000)
   the space 44468K,  85% used [0x00000007f3a00000, 0x00000007f5ef1e38, 0x00000007f5ef2000, 0x00000007f656d000)
 compacting perm gen  total 21248K, used 8800K [0x00000007fae00000, 0x00000007fc2c0000, 0x0000000800000000)
   the space 21248K,  41% used [0x00000007fae00000, 0x00000007fb6980d0, 0x00000007fb698200, 0x00000007fc2c0000)
No shared spaces configured.
}
Event: 236.287 GC heap before
{Heap before GC invocations=1069 (full 73):
 def new generation   total 20096K, used 19230K [0x00000007f0000000, 0x00000007f15c0000, 0x00000007f3a00000)
  eden space 17920K, 100% used [0x00000007f0000000, 0x00000007f1180000, 0x00000007f1180000)
  from space 2176K,  60% used [0x00000007f1180000, 0x00000007f12c7898, 0x00000007f13a0000)
  to   space 2176K,   0% used [0x00000007f13a0000, 0x00000007f13a0000, 0x00000007f15c0000)
 tenured generation   total 44468K, used 37831K [0x00000007f3a00000, 0x00000007f656d000, 0x00000007fae00000)
   the space 44468K,  85% used [0x00000007f3a00000, 0x00000007f5ef1e38, 0x00000007f5ef2000, 0x00000007f656d000)
 compacting perm gen  total 21248K, used 8800K [0x00000007fae00000, 0x00000007fc2c0000, 0x0000000800000000)
   the space 21248K,  41% used [0x00000007fae00000, 0x00000007fb6980d0, 0x00000007fb698200, 0x00000007fc2c0000)
No shared spaces configured.
Event: 236.293 GC heap after
Heap after GC invocations=1070 (full 73):
 def new generation   total 20096K, used 1301K [0x00000007f0000000, 0x00000007f15c0000, 0x00000007f3a00000)
  eden space 17920K,   0% used [0x00000007f0000000, 0x00000007f0000000, 0x00000007f1180000)
  from space 2176K,  59% used [0x00000007f13a0000, 0x00000007f14e5490, 0x00000007f15c0000)
  to   space 2176K,   0% used [0x00000007f1180000, 0x00000007f1180000, 0x00000007f13a0000)
 tenured generation   total 44468K, used 38109K [0x00000007f3a00000, 0x00000007f656d000, 0x00000007fae00000)
   the space 44468K,  85% used [0x00000007f3a00000, 0x00000007f5f37560, 0x00000007f5f37600, 0x00000007f656d000)
 compacting perm gen  total 21248K, used 8800K [0x00000007fae00000, 0x00000007fc2c0000, 0x0000000800000000)
   the space 21248K,  41% used [0x00000007fae00000, 0x00000007fb6980d0, 0x00000007fb698200, 0x00000007fc2c0000)
No shared spaces configured.
}

