# JRE version: 7.0_17-b02
# Java VM: Java HotSpot(TM) 64-Bit Server VM (23.7-b01 mixed mode bsd-amd64 compressed oops)
Heap
 def new generation   total 4416K, used 2853K [0x00000007eca00000, 0x00000007ecec0000, 0x00000007f1600000)
  eden space 3968K,  65% used [0x00000007eca00000, 0x00000007ecc8e610, 0x00000007ecde0000)
  from space 448K,  52% used [0x00000007ece50000, 0x00000007ece8b1a0, 0x00000007ecec0000)
  to   space 448K,   0% used [0x00000007ecde0000, 0x00000007ecde0000, 0x00000007ece50000)
 tenured generation   total 9728K, used 2624K [0x00000007f1600000, 0x00000007f1f80000, 0x00000007fae00000)
   the space 9728K,  26% used [0x00000007f1600000, 0x00000007f1890198, 0x00000007f1890200, 0x00000007f1f80000)
 compacting perm gen  total 21248K, used 6094K [0x00000007fae00000, 0x00000007fc2c0000, 0x0000000800000000)
   the space 21248K,  28% used [0x00000007fae00000, 0x00000007fb3f3af0, 0x00000007fb3f3c00, 0x00000007fc2c0000)
GC Heap History (10 events):
Event: 48.572 GC heap before
{Heap before GC invocations=12 (full 0):
 def new generation   total 4416K, used 4192K [0x00000007eca00000, 0x00000007ecec0000, 0x00000007f1600000)
  eden space 3968K, 100% used [0x00000007eca00000, 0x00000007ecde0000, 0x00000007ecde0000)
  from space 448K,  50% used [0x00000007ecde0000, 0x00000007ece18228, 0x00000007ece50000)
  to   space 448K,   0% used [0x00000007ece50000, 0x00000007ece50000, 0x00000007ecec0000)
 tenured generation   total 9728K, used 2175K [0x00000007f1600000, 0x00000007f1f80000, 0x00000007fae00000)
   the space 9728K,  22% used [0x00000007f1600000, 0x00000007f181fd08, 0x00000007f181fe00, 0x00000007f1f80000)
 compacting perm gen  total 21248K, used 6057K [0x00000007fae00000, 0x00000007fc2c0000, 0x0000000800000000)
   the space 21248K,  28% used [0x00000007fae00000, 0x00000007fb3ea438, 0x00000007fb3ea600, 0x00000007fc2c0000)
No shared spaces configured.
Event: 48.575 GC heap after
Heap after GC invocations=13 (full 0):
 def new generation   total 4416K, used 235K [0x00000007eca00000, 0x00000007ecec0000, 0x00000007f1600000)
  eden space 3968K,   0% used [0x00000007eca00000, 0x00000007eca00000, 0x00000007ecde0000)
  from space 448K,  52% used [0x00000007ece50000, 0x00000007ece8afe8, 0x00000007ecec0000)
  to   space 448K,   0% used [0x00000007ecde0000, 0x00000007ecde0000, 0x00000007ece50000)
 tenured generation   total 9728K, used 2258K [0x00000007f1600000, 0x00000007f1f80000, 0x00000007fae00000)
   the space 9728K,  23% used [0x00000007f1600000, 0x00000007f1834b80, 0x00000007f1834c00, 0x00000007f1f80000)
 compacting perm gen  total 21248K, used 6057K [0x00000007fae00000, 0x00000007fc2c0000, 0x0000000800000000)
   the space 21248K,  28% used [0x00000007fae00000, 0x00000007fb3ea438, 0x00000007fb3ea600, 0x00000007fc2c0000)
No shared spaces configured.
}
Event: 54.397 GC heap before
{Heap before GC invocations=13 (full 0):
 def new generation   total 4416K, used 4203K [0x00000007eca00000, 0x00000007ecec0000, 0x00000007f1600000)
  eden space 3968K, 100% used [0x00000007eca00000, 0x00000007ecde0000, 0x00000007ecde0000)
  from space 448K,  52% used [0x00000007ece50000, 0x00000007ece8afe8, 0x00000007ecec0000)
  to   space 448K,   0% used [0x00000007ecde0000, 0x00000007ecde0000, 0x00000007ece50000)
 tenured generation   total 9728K, used 2258K [0x00000007f1600000, 0x00000007f1f80000, 0x00000007fae00000)
   the space 9728K,  23% used [0x00000007f1600000, 0x00000007f1834b80, 0x00000007f1834c00, 0x00000007f1f80000)
 compacting perm gen  total 21248K, used 6057K [0x00000007fae00000, 0x00000007fc2c0000, 0x0000000800000000)
   the space 21248K,  28% used [0x00000007fae00000, 0x00000007fb3ea5d8, 0x00000007fb3ea600, 0x00000007fc2c0000)
No shared spaces configured.
Event: 54.400 GC heap after
Heap after GC invocations=14 (full 0):
 def new generation   total 4416K, used 222K [0x00000007eca00000, 0x00000007ecec0000, 0x00000007f1600000)
  eden space 3968K,   0% used [0x00000007eca00000, 0x00000007eca00000, 0x00000007ecde0000)
  from space 448K,  49% used [0x00000007ecde0000, 0x00000007ece17888, 0x00000007ece50000)
  to   space 448K,   0% used [0x00000007ece50000, 0x00000007ece50000, 0x00000007ecec0000)
 tenured generation   total 9728K, used 2342K [0x00000007f1600000, 0x00000007f1f80000, 0x00000007fae00000)
   the space 9728K,  24% used [0x00000007f1600000, 0x00000007f1849978, 0x00000007f1849a00, 0x00000007f1f80000)
 compacting perm gen  total 21248K, used 6057K [0x00000007fae00000, 0x00000007fc2c0000, 0x0000000800000000)
   the space 21248K,  28% used [0x00000007fae00000, 0x00000007fb3ea5d8, 0x00000007fb3ea600, 0x00000007fc2c0000)
No shared spaces configured.
}
Event: 59.436 GC heap before
{Heap before GC invocations=14 (full 0):
 def new generation   total 4416K, used 4190K [0x00000007eca00000, 0x00000007ecec0000, 0x00000007f1600000)
  eden space 3968K, 100% used [0x00000007eca00000, 0x00000007ecde0000, 0x00000007ecde0000)
  from space 448K,  49% used [0x00000007ecde0000, 0x00000007ece17888, 0x00000007ece50000)
  to   space 448K,   0% used [0x00000007ece50000, 0x00000007ece50000, 0x00000007ecec0000)
 tenured generation   total 9728K, used 2342K [0x00000007f1600000, 0x00000007f1f80000, 0x00000007fae00000)
   the space 9728K,  24% used [0x00000007f1600000, 0x00000007f1849978, 0x00000007f1849a00, 0x00000007f1f80000)
 compacting perm gen  total 21248K, used 6058K [0x00000007fae00000, 0x00000007fc2c0000, 0x0000000800000000)
   the space 21248K,  28% used [0x00000007fae00000, 0x00000007fb3ea928, 0x00000007fb3eaa00, 0x00000007fc2c0000)
No shared spaces configured.
Event: 59.439 GC heap after
Heap after GC invocations=15 (full 0):
 def new generation   total 4416K, used 338K [0x00000007eca00000, 0x00000007ecec0000, 0x00000007f1600000)
  eden space 3968K,   0% used [0x00000007eca00000, 0x00000007eca00000, 0x00000007ecde0000)
  from space 448K,  75% used [0x00000007ece50000, 0x00000007ecea4b80, 0x00000007ecec0000)
  to   space 448K,   0% used [0x00000007ecde0000, 0x00000007ecde0000, 0x00000007ece50000)
 tenured generation   total 9728K, used 2342K [0x00000007f1600000, 0x00000007f1f80000, 0x00000007fae00000)
   the space 9728K,  24% used [0x00000007f1600000, 0x00000007f1849978, 0x00000007f1849a00, 0x00000007f1f80000)
 compacting perm gen  total 21248K, used 6058K [0x00000007fae00000, 0x00000007fc2c0000, 0x0000000800000000)
   the space 21248K,  28% used [0x00000007fae00000, 0x00000007fb3ea928, 0x00000007fb3eaa00, 0x00000007fc2c0000)
No shared spaces configured.
}
Event: 65.896 GC heap before
{Heap before GC invocations=15 (full 0):
 def new generation   total 4416K, used 4306K [0x00000007eca00000, 0x00000007ecec0000, 0x00000007f1600000)
  eden space 3968K, 100% used [0x00000007eca00000, 0x00000007ecde0000, 0x00000007ecde0000)
  from space 448K,  75% used [0x00000007ece50000, 0x00000007ecea4b80, 0x00000007ecec0000)
  to   space 448K,   0% used [0x00000007ecde0000, 0x00000007ecde0000, 0x00000007ece50000)
 tenured generation   total 9728K, used 2342K [0x00000007f1600000, 0x00000007f1f80000, 0x00000007fae00000)
   the space 9728K,  24% used [0x00000007f1600000, 0x00000007f1849978, 0x00000007f1849a00, 0x00000007f1f80000)
 compacting perm gen  total 21248K, used 6085K [0x00000007fae00000, 0x00000007fc2c0000, 0x0000000800000000)
   the space 21248K,  28% used [0x00000007fae00000, 0x00000007fb3f1408, 0x00000007fb3f1600, 0x00000007fc2c0000)
No shared spaces configured.
Event: 65.899 GC heap after
Heap after GC invocations=16 (full 0):
 def new generation   total 4416K, used 235K [0x00000007eca00000, 0x00000007ecec0000, 0x00000007f1600000)
  eden space 3968K,   0% used [0x00000007eca00000, 0x00000007eca00000, 0x00000007ecde0000)
  from space 448K,  52% used [0x00000007ecde0000, 0x00000007ece1afc8, 0x00000007ece50000)
  to   space 448K,   0% used [0x00000007ece50000, 0x00000007ece50000, 0x00000007ecec0000)
 tenured generation   total 9728K, used 2540K [0x00000007f1600000, 0x00000007f1f80000, 0x00000007fae00000)
   the space 9728K,  26% used [0x00000007f1600000, 0x00000007f187b0c8, 0x00000007f187b200, 0x00000007f1f80000)
 compacting perm gen  total 21248K, used 6085K [0x00000007fae00000, 0x00000007fc2c0000, 0x0000000800000000)
   the space 21248K,  28% used [0x00000007fae00000, 0x00000007fb3f1408, 0x00000007fb3f1600, 0x00000007fc2c0000)
No shared spaces configured.
}
Event: 70.831 GC heap before
{Heap before GC invocations=16 (full 0):
 def new generation   total 4416K, used 4203K [0x00000007eca00000, 0x00000007ecec0000, 0x00000007f1600000)
  eden space 3968K, 100% used [0x00000007eca00000, 0x00000007ecde0000, 0x00000007ecde0000)
  from space 448K,  52% used [0x00000007ecde0000, 0x00000007ece1afc8, 0x00000007ece50000)
  to   space 448K,   0% used [0x00000007ece50000, 0x00000007ece50000, 0x00000007ecec0000)
 tenured generation   total 9728K, used 2540K [0x00000007f1600000, 0x00000007f1f80000, 0x00000007fae00000)
   the space 9728K,  26% used [0x00000007f1600000, 0x00000007f187b0c8, 0x00000007f187b200, 0x00000007f1f80000)
 compacting perm gen  total 21248K, used 6089K [0x00000007fae00000, 0x00000007fc2c0000, 0x0000000800000000)
   the space 21248K,  28% used [0x00000007fae00000, 0x00000007fb3f24c8, 0x00000007fb3f2600, 0x00000007fc2c0000)
No shared spaces configured.
Event: 70.835 GC heap after
Heap after GC invocations=17 (full 0):
 def new generation   total 4416K, used 236K [0x00000007eca00000, 0x00000007ecec0000, 0x00000007f1600000)
  eden space 3968K,   0% used [0x00000007eca00000, 0x00000007eca00000, 0x00000007ecde0000)
  from space 448K,  52% used [0x00000007ece50000, 0x00000007ece8b1a0, 0x00000007ecec0000)
  to   space 448K,   0% used [0x00000007ecde0000, 0x00000007ecde0000, 0x00000007ece50000)
 tenured generation   total 9728K, used 2624K [0x00000007f1600000, 0x00000007f1f80000, 0x00000007fae00000)
   the space 9728K,  26% used [0x00000007f1600000, 0x00000007f1890198, 0x00000007f1890200, 0x00000007f1f80000)
 compacting perm gen  total 21248K, used 6089K [0x00000007fae00000, 0x00000007fc2c0000, 0x0000000800000000)
   the space 21248K,  28% used [0x00000007fae00000, 0x00000007fb3f24c8, 0x00000007fb3f2600, 0x00000007fc2c0000)
No shared spaces configured.
}

