# JRE version: 7.0_17-b02
# Java VM: Java HotSpot(TM) 64-Bit Server VM (23.7-b01 mixed mode bsd-amd64 compressed oops)
Heap
 def new generation   total 5376K, used 4657K [0x00000007e9600000, 0x00000007e9bd0000, 0x00000007ef350000)
  eden space 4800K,  89% used [0x00000007e9600000, 0x00000007e9a2cd10, 0x00000007e9ab0000)
  from space 576K,  66% used [0x00000007e9b40000, 0x00000007e9b9f9a0, 0x00000007e9bd0000)
  to   space 576K,   0% used [0x00000007e9ab0000, 0x00000007e9ab0000, 0x00000007e9b40000)
 tenured generation   total 11904K, used 2201K [0x00000007ef350000, 0x00000007efef0000, 0x00000007fae00000)
   the space 11904K,  18% used [0x00000007ef350000, 0x00000007ef576440, 0x00000007ef576600, 0x00000007efef0000)
 compacting perm gen  total 21248K, used 6068K [0x00000007fae00000, 0x00000007fc2c0000, 0x0000000800000000)
   the space 21248K,  28% used [0x00000007fae00000, 0x00000007fb3ed3b8, 0x00000007fb3ed400, 0x00000007fc2c0000)
GC Heap History (10 events):
Event: 16.076 GC heap before
{Heap before GC invocations=6 (full 0):
 def new generation   total 5376K, used 5180K [0x00000007e9600000, 0x00000007e9bd0000, 0x00000007ef350000)
  eden space 4800K, 100% used [0x00000007e9600000, 0x00000007e9ab0000, 0x00000007e9ab0000)
  from space 576K,  66% used [0x00000007e9ab0000, 0x00000007e9b0f1a0, 0x00000007e9b40000)
  to   space 576K,   0% used [0x00000007e9b40000, 0x00000007e9b40000, 0x00000007e9bd0000)
 tenured generation   total 11904K, used 1678K [0x00000007ef350000, 0x00000007efef0000, 0x00000007fae00000)
   the space 11904K,  14% used [0x00000007ef350000, 0x00000007ef4f3be8, 0x00000007ef4f3c00, 0x00000007efef0000)
 compacting perm gen  total 21248K, used 6047K [0x00000007fae00000, 0x00000007fc2c0000, 0x0000000800000000)
   the space 21248K,  28% used [0x00000007fae00000, 0x00000007fb3e7d58, 0x00000007fb3e7e00, 0x00000007fc2c0000)
No shared spaces configured.
Event: 16.077 GC heap after
Heap after GC invocations=7 (full 0):
 def new generation   total 5376K, used 389K [0x00000007e9600000, 0x00000007e9bd0000, 0x00000007ef350000)
  eden space 4800K,   0% used [0x00000007e9600000, 0x00000007e9600000, 0x00000007e9ab0000)
  from space 576K,  67% used [0x00000007e9b40000, 0x00000007e9ba1660, 0x00000007e9bd0000)
  to   space 576K,   0% used [0x00000007e9ab0000, 0x00000007e9ab0000, 0x00000007e9b40000)
 tenured generation   total 11904K, used 1781K [0x00000007ef350000, 0x00000007efef0000, 0x00000007fae00000)
   the space 11904K,  14% used [0x00000007ef350000, 0x00000007ef50d420, 0x00000007ef50d600, 0x00000007efef0000)
 compacting perm gen  total 21248K, used 6047K [0x00000007fae00000, 0x00000007fc2c0000, 0x0000000800000000)
   the space 21248K,  28% used [0x00000007fae00000, 0x00000007fb3e7d58, 0x00000007fb3e7e00, 0x00000007fc2c0000)
No shared spaces configured.
}
Event: 18.816 GC heap before
{Heap before GC invocations=7 (full 0):
 def new generation   total 5376K, used 5188K [0x00000007e9600000, 0x00000007e9bd0000, 0x00000007ef350000)
  eden space 4800K,  99% used [0x00000007e9600000, 0x00000007e9aafaa0, 0x00000007e9ab0000)
  from space 576K,  67% used [0x00000007e9b40000, 0x00000007e9ba1660, 0x00000007e9bd0000)
  to   space 576K,   0% used [0x00000007e9ab0000, 0x00000007e9ab0000, 0x00000007e9b40000)
 tenured generation   total 11904K, used 1781K [0x00000007ef350000, 0x00000007efef0000, 0x00000007fae00000)
   the space 11904K,  14% used [0x00000007ef350000, 0x00000007ef50d420, 0x00000007ef50d600, 0x00000007efef0000)
 compacting perm gen  total 21248K, used 6056K [0x00000007fae00000, 0x00000007fc2c0000, 0x0000000800000000)
   the space 21248K,  28% used [0x00000007fae00000, 0x00000007fb3ea210, 0x00000007fb3ea400, 0x00000007fc2c0000)
No shared spaces configured.
Event: 18.817 GC heap after
Heap after GC invocations=8 (full 0):
 def new generation   total 5376K, used 271K [0x00000007e9600000, 0x00000007e9bd0000, 0x00000007ef350000)
  eden space 4800K,   0% used [0x00000007e9600000, 0x00000007e9600000, 0x00000007e9ab0000)
  from space 576K,  47% used [0x00000007e9ab0000, 0x00000007e9af3ed0, 0x00000007e9b40000)
  to   space 576K,   0% used [0x00000007e9b40000, 0x00000007e9b40000, 0x00000007e9bd0000)
 tenured generation   total 11904K, used 1999K [0x00000007ef350000, 0x00000007efef0000, 0x00000007fae00000)
   the space 11904K,  16% used [0x00000007ef350000, 0x00000007ef543c88, 0x00000007ef543e00, 0x00000007efef0000)
 compacting perm gen  total 21248K, used 6056K [0x00000007fae00000, 0x00000007fc2c0000, 0x0000000800000000)
   the space 21248K,  28% used [0x00000007fae00000, 0x00000007fb3ea210, 0x00000007fb3ea400, 0x00000007fc2c0000)
No shared spaces configured.
}
Event: 21.555 GC heap before
{Heap before GC invocations=8 (full 0):
 def new generation   total 5376K, used 5071K [0x00000007e9600000, 0x00000007e9bd0000, 0x00000007ef350000)
  eden space 4800K, 100% used [0x00000007e9600000, 0x00000007e9ab0000, 0x00000007e9ab0000)
  from space 576K,  47% used [0x00000007e9ab0000, 0x00000007e9af3ed0, 0x00000007e9b40000)
  to   space 576K,   0% used [0x00000007e9b40000, 0x00000007e9b40000, 0x00000007e9bd0000)
 tenured generation   total 11904K, used 1999K [0x00000007ef350000, 0x00000007efef0000, 0x00000007fae00000)
   the space 11904K,  16% used [0x00000007ef350000, 0x00000007ef543c88, 0x00000007ef543e00, 0x00000007efef0000)
 compacting perm gen  total 21248K, used 6062K [0x00000007fae00000, 0x00000007fc2c0000, 0x0000000800000000)
   the space 21248K,  28% used [0x00000007fae00000, 0x00000007fb3ebb08, 0x00000007fb3ebc00, 0x00000007fc2c0000)
No shared spaces configured.
Event: 21.556 GC heap after
Heap after GC invocations=9 (full 0):
 def new generation   total 5376K, used 372K [0x00000007e9600000, 0x00000007e9bd0000, 0x00000007ef350000)
  eden space 4800K,   0% used [0x00000007e9600000, 0x00000007e9600000, 0x00000007e9ab0000)
  from space 576K,  64% used [0x00000007e9b40000, 0x00000007e9b9d290, 0x00000007e9bd0000)
  to   space 576K,   0% used [0x00000007e9ab0000, 0x00000007e9ab0000, 0x00000007e9b40000)
 tenured generation   total 11904K, used 1999K [0x00000007ef350000, 0x00000007efef0000, 0x00000007fae00000)
   the space 11904K,  16% used [0x00000007ef350000, 0x00000007ef543c88, 0x00000007ef543e00, 0x00000007efef0000)
 compacting perm gen  total 21248K, used 6062K [0x00000007fae00000, 0x00000007fc2c0000, 0x0000000800000000)
   the space 21248K,  28% used [0x00000007fae00000, 0x00000007fb3ebb08, 0x00000007fb3ebc00, 0x00000007fc2c0000)
No shared spaces configured.
}
Event: 24.512 GC heap before
{Heap before GC invocations=9 (full 0):
 def new generation   total 5376K, used 5172K [0x00000007e9600000, 0x00000007e9bd0000, 0x00000007ef350000)
  eden space 4800K, 100% used [0x00000007e9600000, 0x00000007e9ab0000, 0x00000007e9ab0000)
  from space 576K,  64% used [0x00000007e9b40000, 0x00000007e9b9d290, 0x00000007e9bd0000)
  to   space 576K,   0% used [0x00000007e9ab0000, 0x00000007e9ab0000, 0x00000007e9b40000)
 tenured generation   total 11904K, used 1999K [0x00000007ef350000, 0x00000007efef0000, 0x00000007fae00000)
   the space 11904K,  16% used [0x00000007ef350000, 0x00000007ef543c88, 0x00000007ef543e00, 0x00000007efef0000)
 compacting perm gen  total 21248K, used 6062K [0x00000007fae00000, 0x00000007fc2c0000, 0x0000000800000000)
   the space 21248K,  28% used [0x00000007fae00000, 0x00000007fb3ebbc0, 0x00000007fb3ebc00, 0x00000007fc2c0000)
No shared spaces configured.
Event: 24.514 GC heap after
Heap after GC invocations=10 (full 0):
 def new generation   total 5376K, used 384K [0x00000007e9600000, 0x00000007e9bd0000, 0x00000007ef350000)
  eden space 4800K,   0% used [0x00000007e9600000, 0x00000007e9600000, 0x00000007e9ab0000)
  from space 576K,  66% used [0x00000007e9ab0000, 0x00000007e9b100d0, 0x00000007e9b40000)
  to   space 576K,   0% used [0x00000007e9b40000, 0x00000007e9b40000, 0x00000007e9bd0000)
 tenured generation   total 11904K, used 2100K [0x00000007ef350000, 0x00000007efef0000, 0x00000007fae00000)
   the space 11904K,  17% used [0x00000007ef350000, 0x00000007ef55d018, 0x00000007ef55d200, 0x00000007efef0000)
 compacting perm gen  total 21248K, used 6062K [0x00000007fae00000, 0x00000007fc2c0000, 0x0000000800000000)
   the space 21248K,  28% used [0x00000007fae00000, 0x00000007fb3ebbc0, 0x00000007fb3ebc00, 0x00000007fc2c0000)
No shared spaces configured.
}
Event: 1738.990 GC heap before
{Heap before GC invocations=10 (full 0):
 def new generation   total 5376K, used 5184K [0x00000007e9600000, 0x00000007e9bd0000, 0x00000007ef350000)
  eden space 4800K, 100% used [0x00000007e9600000, 0x00000007e9ab0000, 0x00000007e9ab0000)
  from space 576K,  66% used [0x00000007e9ab0000, 0x00000007e9b100d0, 0x00000007e9b40000)
  to   space 576K,   0% used [0x00000007e9b40000, 0x00000007e9b40000, 0x00000007e9bd0000)
 tenured generation   total 11904K, used 2100K [0x00000007ef350000, 0x00000007efef0000, 0x00000007fae00000)
   the space 11904K,  17% used [0x00000007ef350000, 0x00000007ef55d018, 0x00000007ef55d200, 0x00000007efef0000)
 compacting perm gen  total 21248K, used 6063K [0x00000007fae00000, 0x00000007fc2c0000, 0x0000000800000000)
   the space 21248K,  28% used [0x00000007fae00000, 0x00000007fb3ebcb8, 0x00000007fb3ebe00, 0x00000007fc2c0000)
No shared spaces configured.
Event: 1738.992 GC heap after
Heap after GC invocations=11 (full 0):
 def new generation   total 5376K, used 382K [0x00000007e9600000, 0x00000007e9bd0000, 0x00000007ef350000)
  eden space 4800K,   0% used [0x00000007e9600000, 0x00000007e9600000, 0x00000007e9ab0000)
  from space 576K,  66% used [0x00000007e9b40000, 0x00000007e9b9f9a0, 0x00000007e9bd0000)
  to   space 576K,   0% used [0x00000007e9ab0000, 0x00000007e9ab0000, 0x00000007e9b40000)
 tenured generation   total 11904K, used 2201K [0x00000007ef350000, 0x00000007efef0000, 0x00000007fae00000)
   the space 11904K,  18% used [0x00000007ef350000, 0x00000007ef576440, 0x00000007ef576600, 0x00000007efef0000)
 compacting perm gen  total 21248K, used 6063K [0x00000007fae00000, 0x00000007fc2c0000, 0x0000000800000000)
   the space 21248K,  28% used [0x00000007fae00000, 0x00000007fb3ebcb8, 0x00000007fb3ebe00, 0x00000007fc2c0000)
No shared spaces configured.
}

