# JRE version: 7.0_17-b02
# Java VM: Java HotSpot(TM) 64-Bit Server VM (23.7-b01 mixed mode bsd-amd64 compressed oops)
Heap
 def new generation   total 5696K, used 645K [0x00000007e8600000, 0x00000007e8c20000, 0x00000007ee8a0000)
  eden space 5120K,  11% used [0x00000007e8600000, 0x00000007e8692c68, 0x00000007e8b00000)
  from space 576K,  10% used [0x00000007e8b90000, 0x00000007e8b9eb00, 0x00000007e8c20000)
  to   space 576K,   0% used [0x00000007e8b00000, 0x00000007e8b00000, 0x00000007e8b90000)
 tenured generation   total 12672K, used 1723K [0x00000007ee8a0000, 0x00000007ef500000, 0x00000007fae00000)
   the space 12672K,  13% used [0x00000007ee8a0000, 0x00000007eea4ec78, 0x00000007eea4ee00, 0x00000007ef500000)
 compacting perm gen  total 21248K, used 5956K [0x00000007fae00000, 0x00000007fc2c0000, 0x0000000800000000)
   the space 21248K,  28% used [0x00000007fae00000, 0x00000007fb3d13d8, 0x00000007fb3d1400, 0x00000007fc2c0000)
GC Heap History (10 events):
Event: 18.401 GC heap before
{Heap before GC invocations=134 (full 0):
 def new generation   total 5696K, used 4671K [0x00000007e8600000, 0x00000007e8c20000, 0x00000007ee8a0000)
  eden space 5120K,  90% used [0x00000007e8600000, 0x00000007e8a81080, 0x00000007e8b00000)
  from space 576K,  10% used [0x00000007e8b00000, 0x00000007e8b0eb90, 0x00000007e8b90000)
  to   space 576K,   0% used [0x00000007e8b90000, 0x00000007e8b90000, 0x00000007e8c20000)
 tenured generation   total 12672K, used 1708K [0x00000007ee8a0000, 0x00000007ef500000, 0x00000007fae00000)
   the space 12672K,  13% used [0x00000007ee8a0000, 0x00000007eea4b038, 0x00000007eea4b200, 0x00000007ef500000)
 compacting perm gen  total 21248K, used 5948K [0x00000007fae00000, 0x00000007fc2c0000, 0x0000000800000000)
   the space 21248K,  27% used [0x00000007fae00000, 0x00000007fb3cf118, 0x00000007fb3cf200, 0x00000007fc2c0000)
No shared spaces configured.
Event: 18.402 GC heap after
Heap after GC invocations=135 (full 0):
 def new generation   total 5696K, used 58K [0x00000007e8600000, 0x00000007e8c20000, 0x00000007ee8a0000)
  eden space 5120K,   0% used [0x00000007e8600000, 0x00000007e8600000, 0x00000007e8b00000)
  from space 576K,  10% used [0x00000007e8b90000, 0x00000007e8b9eb90, 0x00000007e8c20000)
  to   space 576K,   0% used [0x00000007e8b00000, 0x00000007e8b00000, 0x00000007e8b90000)
 tenured generation   total 12672K, used 1711K [0x00000007ee8a0000, 0x00000007ef500000, 0x00000007fae00000)
   the space 12672K,  13% used [0x00000007ee8a0000, 0x00000007eea4bc58, 0x00000007eea4be00, 0x00000007ef500000)
 compacting perm gen  total 21248K, used 5948K [0x00000007fae00000, 0x00000007fc2c0000, 0x0000000800000000)
   the space 21248K,  27% used [0x00000007fae00000, 0x00000007fb3cf118, 0x00000007fb3cf200, 0x00000007fc2c0000)
No shared spaces configured.
}
Event: 18.544 GC heap before
{Heap before GC invocations=135 (full 0):
 def new generation   total 5696K, used 4671K [0x00000007e8600000, 0x00000007e8c20000, 0x00000007ee8a0000)
  eden space 5120K,  90% used [0x00000007e8600000, 0x00000007e8a81080, 0x00000007e8b00000)
  from space 576K,  10% used [0x00000007e8b90000, 0x00000007e8b9eb90, 0x00000007e8c20000)
  to   space 576K,   0% used [0x00000007e8b00000, 0x00000007e8b00000, 0x00000007e8b90000)
 tenured generation   total 12672K, used 1711K [0x00000007ee8a0000, 0x00000007ef500000, 0x00000007fae00000)
   the space 12672K,  13% used [0x00000007ee8a0000, 0x00000007eea4bc58, 0x00000007eea4be00, 0x00000007ef500000)
 compacting perm gen  total 21248K, used 5949K [0x00000007fae00000, 0x00000007fc2c0000, 0x0000000800000000)
   the space 21248K,  27% used [0x00000007fae00000, 0x00000007fb3cf578, 0x00000007fb3cf600, 0x00000007fc2c0000)
No shared spaces configured.
Event: 18.544 GC heap after
Heap after GC invocations=136 (full 0):
 def new generation   total 5696K, used 58K [0x00000007e8600000, 0x00000007e8c20000, 0x00000007ee8a0000)
  eden space 5120K,   0% used [0x00000007e8600000, 0x00000007e8600000, 0x00000007e8b00000)
  from space 576K,  10% used [0x00000007e8b00000, 0x00000007e8b0eb90, 0x00000007e8b90000)
  to   space 576K,   0% used [0x00000007e8b90000, 0x00000007e8b90000, 0x00000007e8c20000)
 tenured generation   total 12672K, used 1714K [0x00000007ee8a0000, 0x00000007ef500000, 0x00000007fae00000)
   the space 12672K,  13% used [0x00000007ee8a0000, 0x00000007eea4c848, 0x00000007eea4ca00, 0x00000007ef500000)
 compacting perm gen  total 21248K, used 5949K [0x00000007fae00000, 0x00000007fc2c0000, 0x0000000800000000)
   the space 21248K,  27% used [0x00000007fae00000, 0x00000007fb3cf578, 0x00000007fb3cf600, 0x00000007fc2c0000)
No shared spaces configured.
}
Event: 18.668 GC heap before
{Heap before GC invocations=136 (full 0):
 def new generation   total 5696K, used 4671K [0x00000007e8600000, 0x00000007e8c20000, 0x00000007ee8a0000)
  eden space 5120K,  90% used [0x00000007e8600000, 0x00000007e8a81080, 0x00000007e8b00000)
  from space 576K,  10% used [0x00000007e8b00000, 0x00000007e8b0eb90, 0x00000007e8b90000)
  to   space 576K,   0% used [0x00000007e8b90000, 0x00000007e8b90000, 0x00000007e8c20000)
 tenured generation   total 12672K, used 1714K [0x00000007ee8a0000, 0x00000007ef500000, 0x00000007fae00000)
   the space 12672K,  13% used [0x00000007ee8a0000, 0x00000007eea4c848, 0x00000007eea4ca00, 0x00000007ef500000)
 compacting perm gen  total 21248K, used 5949K [0x00000007fae00000, 0x00000007fc2c0000, 0x0000000800000000)
   the space 21248K,  28% used [0x00000007fae00000, 0x00000007fb3cf618, 0x00000007fb3cf800, 0x00000007fc2c0000)
No shared spaces configured.
Event: 18.669 GC heap after
Heap after GC invocations=137 (full 0):
 def new generation   total 5696K, used 58K [0x00000007e8600000, 0x00000007e8c20000, 0x00000007ee8a0000)
  eden space 5120K,   0% used [0x00000007e8600000, 0x00000007e8600000, 0x00000007e8b00000)
  from space 576K,  10% used [0x00000007e8b90000, 0x00000007e8b9eb90, 0x00000007e8c20000)
  to   space 576K,   0% used [0x00000007e8b00000, 0x00000007e8b00000, 0x00000007e8b90000)
 tenured generation   total 12672K, used 1717K [0x00000007ee8a0000, 0x00000007ef500000, 0x00000007fae00000)
   the space 12672K,  13% used [0x00000007ee8a0000, 0x00000007eea4d468, 0x00000007eea4d600, 0x00000007ef500000)
 compacting perm gen  total 21248K, used 5949K [0x00000007fae00000, 0x00000007fc2c0000, 0x0000000800000000)
   the space 21248K,  28% used [0x00000007fae00000, 0x00000007fb3cf618, 0x00000007fb3cf800, 0x00000007fc2c0000)
No shared spaces configured.
}
Event: 18.801 GC heap before
{Heap before GC invocations=137 (full 0):
 def new generation   total 5696K, used 4668K [0x00000007e8600000, 0x00000007e8c20000, 0x00000007ee8a0000)
  eden space 5120K,  90% used [0x00000007e8600000, 0x00000007e8a80868, 0x00000007e8b00000)
  from space 576K,  10% used [0x00000007e8b90000, 0x00000007e8b9eb90, 0x00000007e8c20000)
  to   space 576K,   0% used [0x00000007e8b00000, 0x00000007e8b00000, 0x00000007e8b90000)
 tenured generation   total 12672K, used 1717K [0x00000007ee8a0000, 0x00000007ef500000, 0x00000007fae00000)
   the space 12672K,  13% used [0x00000007ee8a0000, 0x00000007eea4d468, 0x00000007eea4d600, 0x00000007ef500000)
 compacting perm gen  total 21248K, used 5949K [0x00000007fae00000, 0x00000007fc2c0000, 0x0000000800000000)
   the space 21248K,  28% used [0x00000007fae00000, 0x00000007fb3cf618, 0x00000007fb3cf800, 0x00000007fc2c0000)
No shared spaces configured.
Event: 18.802 GC heap after
Heap after GC invocations=138 (full 0):
 def new generation   total 5696K, used 58K [0x00000007e8600000, 0x00000007e8c20000, 0x00000007ee8a0000)
  eden space 5120K,   0% used [0x00000007e8600000, 0x00000007e8600000, 0x00000007e8b00000)
  from space 576K,  10% used [0x00000007e8b00000, 0x00000007e8b0eb30, 0x00000007e8b90000)
  to   space 576K,   0% used [0x00000007e8b90000, 0x00000007e8b90000, 0x00000007e8c20000)
 tenured generation   total 12672K, used 1720K [0x00000007ee8a0000, 0x00000007ef500000, 0x00000007fae00000)
   the space 12672K,  13% used [0x00000007ee8a0000, 0x00000007eea4e088, 0x00000007eea4e200, 0x00000007ef500000)
 compacting perm gen  total 21248K, used 5949K [0x00000007fae00000, 0x00000007fc2c0000, 0x0000000800000000)
   the space 21248K,  28% used [0x00000007fae00000, 0x00000007fb3cf618, 0x00000007fb3cf800, 0x00000007fc2c0000)
No shared spaces configured.
}
Event: 18.942 GC heap before
{Heap before GC invocations=138 (full 0):
 def new generation   total 5696K, used 4668K [0x00000007e8600000, 0x00000007e8c20000, 0x00000007ee8a0000)
  eden space 5120K,  90% used [0x00000007e8600000, 0x00000007e8a80868, 0x00000007e8b00000)
  from space 576K,  10% used [0x00000007e8b00000, 0x00000007e8b0eb30, 0x00000007e8b90000)
  to   space 576K,   0% used [0x00000007e8b90000, 0x00000007e8b90000, 0x00000007e8c20000)
 tenured generation   total 12672K, used 1720K [0x00000007ee8a0000, 0x00000007ef500000, 0x00000007fae00000)
   the space 12672K,  13% used [0x00000007ee8a0000, 0x00000007eea4e088, 0x00000007eea4e200, 0x00000007ef500000)
 compacting perm gen  total 21248K, used 5950K [0x00000007fae00000, 0x00000007fc2c0000, 0x0000000800000000)
   the space 21248K,  28% used [0x00000007fae00000, 0x00000007fb3cfbd0, 0x00000007fb3cfc00, 0x00000007fc2c0000)
No shared spaces configured.
Event: 18.943 GC heap after
Heap after GC invocations=139 (full 0):
 def new generation   total 5696K, used 58K [0x00000007e8600000, 0x00000007e8c20000, 0x00000007ee8a0000)
  eden space 5120K,   0% used [0x00000007e8600000, 0x00000007e8600000, 0x00000007e8b00000)
  from space 576K,  10% used [0x00000007e8b90000, 0x00000007e8b9eb00, 0x00000007e8c20000)
  to   space 576K,   0% used [0x00000007e8b00000, 0x00000007e8b00000, 0x00000007e8b90000)
 tenured generation   total 12672K, used 1723K [0x00000007ee8a0000, 0x00000007ef500000, 0x00000007fae00000)
   the space 12672K,  13% used [0x00000007ee8a0000, 0x00000007eea4ec78, 0x00000007eea4ee00, 0x00000007ef500000)
 compacting perm gen  total 21248K, used 5950K [0x00000007fae00000, 0x00000007fc2c0000, 0x0000000800000000)
   the space 21248K,  28% used [0x00000007fae00000, 0x00000007fb3cfbd0, 0x00000007fb3cfc00, 0x00000007fc2c0000)
No shared spaces configured.
}

