# JRE version: 7.0_17-b02
# Java VM: Java HotSpot(TM) 64-Bit Server VM (23.7-b01 mixed mode bsd-amd64 compressed oops)
Heap
 def new generation   total 4864K, used 1034K [0x00000007eb000000, 0x00000007eb540000, 0x00000007f04a0000)
  eden space 4352K,  15% used [0x00000007eb000000, 0x00000007eb0acb08, 0x00000007eb440000)
  from space 512K,  67% used [0x00000007eb440000, 0x00000007eb496038, 0x00000007eb4c0000)
  to   space 512K,   0% used [0x00000007eb4c0000, 0x00000007eb4c0000, 0x00000007eb540000)
 tenured generation   total 10880K, used 1415K [0x00000007f04a0000, 0x00000007f0f40000, 0x00000007fae00000)
   the space 10880K,  13% used [0x00000007f04a0000, 0x00000007f0601db8, 0x00000007f0601e00, 0x00000007f0f40000)
 compacting perm gen  total 21248K, used 5970K [0x00000007fae00000, 0x00000007fc2c0000, 0x0000000800000000)
   the space 21248K,  28% used [0x00000007fae00000, 0x00000007fb3d4b88, 0x00000007fb3d4c00, 0x00000007fc2c0000)
GC Heap History (8 events):
Event: 0.476 GC heap before
{Heap before GC invocations=0 (full 0):
 def new generation   total 4864K, used 4352K [0x00000007eb000000, 0x00000007eb540000, 0x00000007f04a0000)
  eden space 4352K, 100% used [0x00000007eb000000, 0x00000007eb440000, 0x00000007eb440000)
  from space 512K,   0% used [0x00000007eb440000, 0x00000007eb440000, 0x00000007eb4c0000)
  to   space 512K,   0% used [0x00000007eb4c0000, 0x00000007eb4c0000, 0x00000007eb540000)
 tenured generation   total 10880K, used 0K [0x00000007f04a0000, 0x00000007f0f40000, 0x00000007fae00000)
   the space 10880K,   0% used [0x00000007f04a0000, 0x00000007f04a0000, 0x00000007f04a0200, 0x00000007f0f40000)
 compacting perm gen  total 21248K, used 5152K [0x00000007fae00000, 0x00000007fc2c0000, 0x0000000800000000)
   the space 21248K,  24% used [0x00000007fae00000, 0x00000007fb3082b8, 0x00000007fb308400, 0x00000007fc2c0000)
No shared spaces configured.
Event: 0.482 GC heap after
Heap after GC invocations=1 (full 0):
 def new generation   total 4864K, used 512K [0x00000007eb000000, 0x00000007eb540000, 0x00000007f04a0000)
  eden space 4352K,   0% used [0x00000007eb000000, 0x00000007eb000000, 0x00000007eb440000)
  from space 512K, 100% used [0x00000007eb4c0000, 0x00000007eb540000, 0x00000007eb540000)
  to   space 512K,   0% used [0x00000007eb440000, 0x00000007eb440000, 0x00000007eb4c0000)
 tenured generation   total 10880K, used 656K [0x00000007f04a0000, 0x00000007f0f40000, 0x00000007fae00000)
   the space 10880K,   6% used [0x00000007f04a0000, 0x00000007f0544230, 0x00000007f0544400, 0x00000007f0f40000)
 compacting perm gen  total 21248K, used 5152K [0x00000007fae00000, 0x00000007fc2c0000, 0x0000000800000000)
   the space 21248K,  24% used [0x00000007fae00000, 0x00000007fb3082b8, 0x00000007fb308400, 0x00000007fc2c0000)
No shared spaces configured.
}
Event: 3.942 GC heap before
{Heap before GC invocations=1 (full 0):
 def new generation   total 4864K, used 4864K [0x00000007eb000000, 0x00000007eb540000, 0x00000007f04a0000)
  eden space 4352K, 100% used [0x00000007eb000000, 0x00000007eb440000, 0x00000007eb440000)
  from space 512K, 100% used [0x00000007eb4c0000, 0x00000007eb540000, 0x00000007eb540000)
  to   space 512K,   0% used [0x00000007eb440000, 0x00000007eb440000, 0x00000007eb4c0000)
 tenured generation   total 10880K, used 656K [0x00000007f04a0000, 0x00000007f0f40000, 0x00000007fae00000)
   the space 10880K,   6% used [0x00000007f04a0000, 0x00000007f0544230, 0x00000007f0544400, 0x00000007f0f40000)
 compacting perm gen  total 21248K, used 5958K [0x00000007fae00000, 0x00000007fc2c0000, 0x0000000800000000)
   the space 21248K,  28% used [0x00000007fae00000, 0x00000007fb3d1a20, 0x00000007fb3d1c00, 0x00000007fc2c0000)
No shared spaces configured.
Event: 3.948 GC heap after
Heap after GC invocations=2 (full 0):
 def new generation   total 4864K, used 441K [0x00000007eb000000, 0x00000007eb540000, 0x00000007f04a0000)
  eden space 4352K,   0% used [0x00000007eb000000, 0x00000007eb000000, 0x00000007eb440000)
  from space 512K,  86% used [0x00000007eb440000, 0x00000007eb4ae5c8, 0x00000007eb4c0000)
  to   space 512K,   0% used [0x00000007eb4c0000, 0x00000007eb4c0000, 0x00000007eb540000)
 tenured generation   total 10880K, used 1158K [0x00000007f04a0000, 0x00000007f0f40000, 0x00000007fae00000)
   the space 10880K,  10% used [0x00000007f04a0000, 0x00000007f05c1a28, 0x00000007f05c1c00, 0x00000007f0f40000)
 compacting perm gen  total 21248K, used 5958K [0x00000007fae00000, 0x00000007fc2c0000, 0x0000000800000000)
   the space 21248K,  28% used [0x00000007fae00000, 0x00000007fb3d1a20, 0x00000007fb3d1c00, 0x00000007fc2c0000)
No shared spaces configured.
}
Event: 7.991 GC heap before
{Heap before GC invocations=2 (full 0):
 def new generation   total 4864K, used 4793K [0x00000007eb000000, 0x00000007eb540000, 0x00000007f04a0000)
  eden space 4352K, 100% used [0x00000007eb000000, 0x00000007eb440000, 0x00000007eb440000)
  from space 512K,  86% used [0x00000007eb440000, 0x00000007eb4ae5c8, 0x00000007eb4c0000)
  to   space 512K,   0% used [0x00000007eb4c0000, 0x00000007eb4c0000, 0x00000007eb540000)
 tenured generation   total 10880K, used 1158K [0x00000007f04a0000, 0x00000007f0f40000, 0x00000007fae00000)
   the space 10880K,  10% used [0x00000007f04a0000, 0x00000007f05c1a28, 0x00000007f05c1c00, 0x00000007f0f40000)
 compacting perm gen  total 21248K, used 5961K [0x00000007fae00000, 0x00000007fc2c0000, 0x0000000800000000)
   the space 21248K,  28% used [0x00000007fae00000, 0x00000007fb3d2760, 0x00000007fb3d2800, 0x00000007fc2c0000)
No shared spaces configured.
Event: 7.995 GC heap after
Heap after GC invocations=3 (full 0):
 def new generation   total 4864K, used 244K [0x00000007eb000000, 0x00000007eb540000, 0x00000007f04a0000)
  eden space 4352K,   0% used [0x00000007eb000000, 0x00000007eb000000, 0x00000007eb440000)
  from space 512K,  47% used [0x00000007eb4c0000, 0x00000007eb4fd0f0, 0x00000007eb540000)
  to   space 512K,   0% used [0x00000007eb440000, 0x00000007eb440000, 0x00000007eb4c0000)
 tenured generation   total 10880K, used 1415K [0x00000007f04a0000, 0x00000007f0f40000, 0x00000007fae00000)
   the space 10880K,  13% used [0x00000007f04a0000, 0x00000007f0601db8, 0x00000007f0601e00, 0x00000007f0f40000)
 compacting perm gen  total 21248K, used 5961K [0x00000007fae00000, 0x00000007fc2c0000, 0x0000000800000000)
   the space 21248K,  28% used [0x00000007fae00000, 0x00000007fb3d2760, 0x00000007fb3d2800, 0x00000007fc2c0000)
No shared spaces configured.
}
Event: 12.191 GC heap before
{Heap before GC invocations=3 (full 0):
 def new generation   total 4864K, used 4596K [0x00000007eb000000, 0x00000007eb540000, 0x00000007f04a0000)
  eden space 4352K, 100% used [0x00000007eb000000, 0x00000007eb440000, 0x00000007eb440000)
  from space 512K,  47% used [0x00000007eb4c0000, 0x00000007eb4fd0f0, 0x00000007eb540000)
  to   space 512K,   0% used [0x00000007eb440000, 0x00000007eb440000, 0x00000007eb4c0000)
 tenured generation   total 10880K, used 1415K [0x00000007f04a0000, 0x00000007f0f40000, 0x00000007fae00000)
   the space 10880K,  13% used [0x00000007f04a0000, 0x00000007f0601db8, 0x00000007f0601e00, 0x00000007f0f40000)
 compacting perm gen  total 21248K, used 5964K [0x00000007fae00000, 0x00000007fc2c0000, 0x0000000800000000)
   the space 21248K,  28% used [0x00000007fae00000, 0x00000007fb3d3310, 0x00000007fb3d3400, 0x00000007fc2c0000)
No shared spaces configured.
Event: 12.193 GC heap after
Heap after GC invocations=4 (full 0):
 def new generation   total 4864K, used 344K [0x00000007eb000000, 0x00000007eb540000, 0x00000007f04a0000)
  eden space 4352K,   0% used [0x00000007eb000000, 0x00000007eb000000, 0x00000007eb440000)
  from space 512K,  67% used [0x00000007eb440000, 0x00000007eb496038, 0x00000007eb4c0000)
  to   space 512K,   0% used [0x00000007eb4c0000, 0x00000007eb4c0000, 0x00000007eb540000)
 tenured generation   total 10880K, used 1415K [0x00000007f04a0000, 0x00000007f0f40000, 0x00000007fae00000)
   the space 10880K,  13% used [0x00000007f04a0000, 0x00000007f0601db8, 0x00000007f0601e00, 0x00000007f0f40000)
 compacting perm gen  total 21248K, used 5964K [0x00000007fae00000, 0x00000007fc2c0000, 0x0000000800000000)
   the space 21248K,  28% used [0x00000007fae00000, 0x00000007fb3d3310, 0x00000007fb3d3400, 0x00000007fc2c0000)
No shared spaces configured.
}

