# JRE version: 7.0_17-b02
# Java VM: Java HotSpot(TM) 64-Bit Server VM (23.7-b01 mixed mode bsd-amd64 compressed oops)
Heap
 def new generation   total 5568K, used 3523K [0x00000007e9000000, 0x00000007e9600000, 0x00000007eef50000)
  eden space 4992K,  69% used [0x00000007e9000000, 0x00000007e93623d0, 0x00000007e94e0000)
  from space 576K,  10% used [0x00000007e9570000, 0x00000007e957e8f0, 0x00000007e9600000)
  to   space 576K,   0% used [0x00000007e94e0000, 0x00000007e94e0000, 0x00000007e9570000)
 tenured generation   total 12224K, used 5632K [0x00000007eef50000, 0x00000007efb40000, 0x00000007fae00000)
   the space 12224K,  46% used [0x00000007eef50000, 0x00000007ef4d00a0, 0x00000007ef4d0200, 0x00000007efb40000)
 compacting perm gen  total 21248K, used 8343K [0x00000007fae00000, 0x00000007fc2c0000, 0x0000000800000000)
   the space 21248K,  39% used [0x00000007fae00000, 0x00000007fb625e70, 0x00000007fb626000, 0x00000007fc2c0000)
GC Heap History (10 events):
Event: 9.476 GC heap before
{Heap before GC invocations=55 (full 1):
 def new generation   total 5568K, used 4667K [0x00000007e9000000, 0x00000007e9600000, 0x00000007eef50000)
  eden space 4992K,  92% used [0x00000007e9000000, 0x00000007e947fa48, 0x00000007e94e0000)
  from space 576K,  10% used [0x00000007e94e0000, 0x00000007e94ef1c0, 0x00000007e9570000)
  to   space 576K,   0% used [0x00000007e9570000, 0x00000007e9570000, 0x00000007e9600000)
 tenured generation   total 12224K, used 5615K [0x00000007eef50000, 0x00000007efb40000, 0x00000007fae00000)
   the space 12224K,  45% used [0x00000007eef50000, 0x00000007ef4cbd10, 0x00000007ef4cbe00, 0x00000007efb40000)
 compacting perm gen  total 21248K, used 8337K [0x00000007fae00000, 0x00000007fc2c0000, 0x0000000800000000)
   the space 21248K,  39% used [0x00000007fae00000, 0x00000007fb6246c8, 0x00000007fb624800, 0x00000007fc2c0000)
No shared spaces configured.
Event: 9.476 GC heap after
Heap after GC invocations=56 (full 1):
 def new generation   total 5568K, used 60K [0x00000007e9000000, 0x00000007e9600000, 0x00000007eef50000)
  eden space 4992K,   0% used [0x00000007e9000000, 0x00000007e9000000, 0x00000007e94e0000)
  from space 576K,  10% used [0x00000007e9570000, 0x00000007e957f160, 0x00000007e9600000)
  to   space 576K,   0% used [0x00000007e94e0000, 0x00000007e94e0000, 0x00000007e9570000)
 tenured generation   total 12224K, used 5618K [0x00000007eef50000, 0x00000007efb40000, 0x00000007fae00000)
   the space 12224K,  45% used [0x00000007eef50000, 0x00000007ef4cc930, 0x00000007ef4cca00, 0x00000007efb40000)
 compacting perm gen  total 21248K, used 8337K [0x00000007fae00000, 0x00000007fc2c0000, 0x0000000800000000)
   the space 21248K,  39% used [0x00000007fae00000, 0x00000007fb6246c8, 0x00000007fb624800, 0x00000007fc2c0000)
No shared spaces configured.
}
Event: 9.610 GC heap before
{Heap before GC invocations=56 (full 1):
 def new generation   total 5568K, used 4666K [0x00000007e9000000, 0x00000007e9600000, 0x00000007eef50000)
  eden space 4992K,  92% used [0x00000007e9000000, 0x00000007e947fa48, 0x00000007e94e0000)
  from space 576K,  10% used [0x00000007e9570000, 0x00000007e957f160, 0x00000007e9600000)
  to   space 576K,   0% used [0x00000007e94e0000, 0x00000007e94e0000, 0x00000007e9570000)
 tenured generation   total 12224K, used 5618K [0x00000007eef50000, 0x00000007efb40000, 0x00000007fae00000)
   the space 12224K,  45% used [0x00000007eef50000, 0x00000007ef4cc930, 0x00000007ef4cca00, 0x00000007efb40000)
 compacting perm gen  total 21248K, used 8337K [0x00000007fae00000, 0x00000007fc2c0000, 0x0000000800000000)
   the space 21248K,  39% used [0x00000007fae00000, 0x00000007fb6246c8, 0x00000007fb624800, 0x00000007fc2c0000)
No shared spaces configured.
Event: 9.610 GC heap after
Heap after GC invocations=57 (full 1):
 def new generation   total 5568K, used 60K [0x00000007e9000000, 0x00000007e9600000, 0x00000007eef50000)
  eden space 4992K,   0% used [0x00000007e9000000, 0x00000007e9000000, 0x00000007e94e0000)
  from space 576K,  10% used [0x00000007e94e0000, 0x00000007e94ef160, 0x00000007e9570000)
  to   space 576K,   0% used [0x00000007e9570000, 0x00000007e9570000, 0x00000007e9600000)
 tenured generation   total 12224K, used 5621K [0x00000007eef50000, 0x00000007efb40000, 0x00000007fae00000)
   the space 12224K,  45% used [0x00000007eef50000, 0x00000007ef4cd4f0, 0x00000007ef4cd600, 0x00000007efb40000)
 compacting perm gen  total 21248K, used 8337K [0x00000007fae00000, 0x00000007fc2c0000, 0x0000000800000000)
   the space 21248K,  39% used [0x00000007fae00000, 0x00000007fb6246c8, 0x00000007fb624800, 0x00000007fc2c0000)
No shared spaces configured.
}
Event: 9.773 GC heap before
{Heap before GC invocations=57 (full 1):
 def new generation   total 5568K, used 4666K [0x00000007e9000000, 0x00000007e9600000, 0x00000007eef50000)
  eden space 4992K,  92% used [0x00000007e9000000, 0x00000007e947fa50, 0x00000007e94e0000)
  from space 576K,  10% used [0x00000007e94e0000, 0x00000007e94ef160, 0x00000007e9570000)
  to   space 576K,   0% used [0x00000007e9570000, 0x00000007e9570000, 0x00000007e9600000)
 tenured generation   total 12224K, used 5621K [0x00000007eef50000, 0x00000007efb40000, 0x00000007fae00000)
   the space 12224K,  45% used [0x00000007eef50000, 0x00000007ef4cd4f0, 0x00000007ef4cd600, 0x00000007efb40000)
 compacting perm gen  total 21248K, used 8337K [0x00000007fae00000, 0x00000007fc2c0000, 0x0000000800000000)
   the space 21248K,  39% used [0x00000007fae00000, 0x00000007fb6246c8, 0x00000007fb624800, 0x00000007fc2c0000)
No shared spaces configured.
Event: 9.773 GC heap after
Heap after GC invocations=58 (full 1):
 def new generation   total 5568K, used 58K [0x00000007e9000000, 0x00000007e9600000, 0x00000007eef50000)
  eden space 4992K,   0% used [0x00000007e9000000, 0x00000007e9000000, 0x00000007e94e0000)
  from space 576K,  10% used [0x00000007e9570000, 0x00000007e957e920, 0x00000007e9600000)
  to   space 576K,   0% used [0x00000007e94e0000, 0x00000007e94e0000, 0x00000007e9570000)
 tenured generation   total 12224K, used 5626K [0x00000007eef50000, 0x00000007efb40000, 0x00000007fae00000)
   the space 12224K,  46% used [0x00000007eef50000, 0x00000007ef4ce8f0, 0x00000007ef4cea00, 0x00000007efb40000)
 compacting perm gen  total 21248K, used 8337K [0x00000007fae00000, 0x00000007fc2c0000, 0x0000000800000000)
   the space 21248K,  39% used [0x00000007fae00000, 0x00000007fb6246c8, 0x00000007fb624800, 0x00000007fc2c0000)
No shared spaces configured.
}
Event: 9.898 GC heap before
{Heap before GC invocations=58 (full 1):
 def new generation   total 5568K, used 4664K [0x00000007e9000000, 0x00000007e9600000, 0x00000007eef50000)
  eden space 4992K,  92% used [0x00000007e9000000, 0x00000007e947fa48, 0x00000007e94e0000)
  from space 576K,  10% used [0x00000007e9570000, 0x00000007e957e920, 0x00000007e9600000)
  to   space 576K,   0% used [0x00000007e94e0000, 0x00000007e94e0000, 0x00000007e9570000)
 tenured generation   total 12224K, used 5626K [0x00000007eef50000, 0x00000007efb40000, 0x00000007fae00000)
   the space 12224K,  46% used [0x00000007eef50000, 0x00000007ef4ce8f0, 0x00000007ef4cea00, 0x00000007efb40000)
 compacting perm gen  total 21248K, used 8337K [0x00000007fae00000, 0x00000007fc2c0000, 0x0000000800000000)
   the space 21248K,  39% used [0x00000007fae00000, 0x00000007fb6246c8, 0x00000007fb624800, 0x00000007fc2c0000)
No shared spaces configured.
Event: 9.898 GC heap after
Heap after GC invocations=59 (full 1):
 def new generation   total 5568K, used 58K [0x00000007e9000000, 0x00000007e9600000, 0x00000007eef50000)
  eden space 4992K,   0% used [0x00000007e9000000, 0x00000007e9000000, 0x00000007e94e0000)
  from space 576K,  10% used [0x00000007e94e0000, 0x00000007e94ee8f0, 0x00000007e9570000)
  to   space 576K,   0% used [0x00000007e9570000, 0x00000007e9570000, 0x00000007e9600000)
 tenured generation   total 12224K, used 5629K [0x00000007eef50000, 0x00000007efb40000, 0x00000007fae00000)
   the space 12224K,  46% used [0x00000007eef50000, 0x00000007ef4cf4e0, 0x00000007ef4cf600, 0x00000007efb40000)
 compacting perm gen  total 21248K, used 8337K [0x00000007fae00000, 0x00000007fc2c0000, 0x0000000800000000)
   the space 21248K,  39% used [0x00000007fae00000, 0x00000007fb6246c8, 0x00000007fb624800, 0x00000007fc2c0000)
No shared spaces configured.
}
Event: 10.028 GC heap before
{Heap before GC invocations=59 (full 1):
 def new generation   total 5568K, used 4664K [0x00000007e9000000, 0x00000007e9600000, 0x00000007eef50000)
  eden space 4992K,  92% used [0x00000007e9000000, 0x00000007e947fa50, 0x00000007e94e0000)
  from space 576K,  10% used [0x00000007e94e0000, 0x00000007e94ee8f0, 0x00000007e9570000)
  to   space 576K,   0% used [0x00000007e9570000, 0x00000007e9570000, 0x00000007e9600000)
 tenured generation   total 12224K, used 5629K [0x00000007eef50000, 0x00000007efb40000, 0x00000007fae00000)
   the space 12224K,  46% used [0x00000007eef50000, 0x00000007ef4cf4e0, 0x00000007ef4cf600, 0x00000007efb40000)
 compacting perm gen  total 21248K, used 8338K [0x00000007fae00000, 0x00000007fc2c0000, 0x0000000800000000)
   the space 21248K,  39% used [0x00000007fae00000, 0x00000007fb624828, 0x00000007fb624a00, 0x00000007fc2c0000)
No shared spaces configured.
Event: 10.028 GC heap after
Heap after GC invocations=60 (full 1):
 def new generation   total 5568K, used 58K [0x00000007e9000000, 0x00000007e9600000, 0x00000007eef50000)
  eden space 4992K,   0% used [0x00000007e9000000, 0x00000007e9000000, 0x00000007e94e0000)
  from space 576K,  10% used [0x00000007e9570000, 0x00000007e957e8f0, 0x00000007e9600000)
  to   space 576K,   0% used [0x00000007e94e0000, 0x00000007e94e0000, 0x00000007e9570000)
 tenured generation   total 12224K, used 5632K [0x00000007eef50000, 0x00000007efb40000, 0x00000007fae00000)
   the space 12224K,  46% used [0x00000007eef50000, 0x00000007ef4d00a0, 0x00000007ef4d0200, 0x00000007efb40000)
 compacting perm gen  total 21248K, used 8338K [0x00000007fae00000, 0x00000007fc2c0000, 0x0000000800000000)
   the space 21248K,  39% used [0x00000007fae00000, 0x00000007fb624828, 0x00000007fb624a00, 0x00000007fc2c0000)
No shared spaces configured.
}

