# JRE version: 7.0_17-b02
# Java VM: Java HotSpot(TM) 64-Bit Server VM (23.7-b01 mixed mode bsd-amd64 compressed oops)
Heap
 def new generation   total 5696K, used 1798K [0x00000007e8800000, 0x00000007e8e20000, 0x00000007eea00000)
  eden space 5120K,  33% used [0x00000007e8800000, 0x00000007e89b3100, 0x00000007e8d00000)
  from space 576K,  10% used [0x00000007e8d00000, 0x00000007e8d0e948, 0x00000007e8d90000)
  to   space 576K,   0% used [0x00000007e8d90000, 0x00000007e8d90000, 0x00000007e8e20000)
 tenured generation   total 12544K, used 3200K [0x00000007eea00000, 0x00000007ef640000, 0x00000007fae00000)
   the space 12544K,  25% used [0x00000007eea00000, 0x00000007eed200b8, 0x00000007eed20200, 0x00000007ef640000)
 compacting perm gen  total 21248K, used 6016K [0x00000007fae00000, 0x00000007fc2c0000, 0x0000000800000000)
   the space 21248K,  28% used [0x00000007fae00000, 0x00000007fb3e02b0, 0x00000007fb3e0400, 0x00000007fc2c0000)
GC Heap History (10 events):
Event: 96.997 GC heap before
{Heap before GC invocations=617 (full 0):
 def new generation   total 5696K, used 4670K [0x00000007e8800000, 0x00000007e8e20000, 0x00000007eea00000)
  eden space 5120K,  90% used [0x00000007e8800000, 0x00000007e8c80f18, 0x00000007e8d00000)
  from space 576K,  10% used [0x00000007e8d90000, 0x00000007e8d9e8e8, 0x00000007e8e20000)
  to   space 576K,   0% used [0x00000007e8d00000, 0x00000007e8d00000, 0x00000007e8d90000)
 tenured generation   total 12544K, used 3185K [0x00000007eea00000, 0x00000007ef640000, 0x00000007fae00000)
   the space 12544K,  25% used [0x00000007eea00000, 0x00000007eed1c598, 0x00000007eed1c600, 0x00000007ef640000)
 compacting perm gen  total 21248K, used 6011K [0x00000007fae00000, 0x00000007fc2c0000, 0x0000000800000000)
   the space 21248K,  28% used [0x00000007fae00000, 0x00000007fb3ded48, 0x00000007fb3dee00, 0x00000007fc2c0000)
No shared spaces configured.
Event: 96.997 GC heap after
Heap after GC invocations=618 (full 0):
 def new generation   total 5696K, used 58K [0x00000007e8800000, 0x00000007e8e20000, 0x00000007eea00000)
  eden space 5120K,   0% used [0x00000007e8800000, 0x00000007e8800000, 0x00000007e8d00000)
  from space 576K,  10% used [0x00000007e8d00000, 0x00000007e8d0e8e8, 0x00000007e8d90000)
  to   space 576K,   0% used [0x00000007e8d90000, 0x00000007e8d90000, 0x00000007e8e20000)
 tenured generation   total 12544K, used 3188K [0x00000007eea00000, 0x00000007ef640000, 0x00000007fae00000)
   the space 12544K,  25% used [0x00000007eea00000, 0x00000007eed1d158, 0x00000007eed1d200, 0x00000007ef640000)
 compacting perm gen  total 21248K, used 6011K [0x00000007fae00000, 0x00000007fc2c0000, 0x0000000800000000)
   the space 21248K,  28% used [0x00000007fae00000, 0x00000007fb3ded48, 0x00000007fb3dee00, 0x00000007fc2c0000)
No shared spaces configured.
}
Event: 97.514 GC heap before
{Heap before GC invocations=618 (full 0):
 def new generation   total 5696K, used 4670K [0x00000007e8800000, 0x00000007e8e20000, 0x00000007eea00000)
  eden space 5120K,  90% used [0x00000007e8800000, 0x00000007e8c80f18, 0x00000007e8d00000)
  from space 576K,  10% used [0x00000007e8d00000, 0x00000007e8d0e8e8, 0x00000007e8d90000)
  to   space 576K,   0% used [0x00000007e8d90000, 0x00000007e8d90000, 0x00000007e8e20000)
 tenured generation   total 12544K, used 3188K [0x00000007eea00000, 0x00000007ef640000, 0x00000007fae00000)
   the space 12544K,  25% used [0x00000007eea00000, 0x00000007eed1d158, 0x00000007eed1d200, 0x00000007ef640000)
 compacting perm gen  total 21248K, used 6011K [0x00000007fae00000, 0x00000007fc2c0000, 0x0000000800000000)
   the space 21248K,  28% used [0x00000007fae00000, 0x00000007fb3ded48, 0x00000007fb3dee00, 0x00000007fc2c0000)
No shared spaces configured.
Event: 97.514 GC heap after
Heap after GC invocations=619 (full 0):
 def new generation   total 5696K, used 58K [0x00000007e8800000, 0x00000007e8e20000, 0x00000007eea00000)
  eden space 5120K,   0% used [0x00000007e8800000, 0x00000007e8800000, 0x00000007e8d00000)
  from space 576K,  10% used [0x00000007e8d90000, 0x00000007e8d9e8b8, 0x00000007e8e20000)
  to   space 576K,   0% used [0x00000007e8d00000, 0x00000007e8d00000, 0x00000007e8d90000)
 tenured generation   total 12544K, used 3191K [0x00000007eea00000, 0x00000007ef640000, 0x00000007fae00000)
   the space 12544K,  25% used [0x00000007eea00000, 0x00000007eed1dd48, 0x00000007eed1de00, 0x00000007ef640000)
 compacting perm gen  total 21248K, used 6011K [0x00000007fae00000, 0x00000007fc2c0000, 0x0000000800000000)
   the space 21248K,  28% used [0x00000007fae00000, 0x00000007fb3ded48, 0x00000007fb3dee00, 0x00000007fc2c0000)
No shared spaces configured.
}
Event: 97.648 GC heap before
{Heap before GC invocations=619 (full 0):
 def new generation   total 5696K, used 4669K [0x00000007e8800000, 0x00000007e8e20000, 0x00000007eea00000)
  eden space 5120K,  90% used [0x00000007e8800000, 0x00000007e8c80f18, 0x00000007e8d00000)
  from space 576K,  10% used [0x00000007e8d90000, 0x00000007e8d9e8b8, 0x00000007e8e20000)
  to   space 576K,   0% used [0x00000007e8d00000, 0x00000007e8d00000, 0x00000007e8d90000)
 tenured generation   total 12544K, used 3191K [0x00000007eea00000, 0x00000007ef640000, 0x00000007fae00000)
   the space 12544K,  25% used [0x00000007eea00000, 0x00000007eed1dd48, 0x00000007eed1de00, 0x00000007ef640000)
 compacting perm gen  total 21248K, used 6011K [0x00000007fae00000, 0x00000007fc2c0000, 0x0000000800000000)
   the space 21248K,  28% used [0x00000007fae00000, 0x00000007fb3ded48, 0x00000007fb3dee00, 0x00000007fc2c0000)
No shared spaces configured.
Event: 97.648 GC heap after
Heap after GC invocations=620 (full 0):
 def new generation   total 5696K, used 58K [0x00000007e8800000, 0x00000007e8e20000, 0x00000007eea00000)
  eden space 5120K,   0% used [0x00000007e8800000, 0x00000007e8800000, 0x00000007e8d00000)
  from space 576K,  10% used [0x00000007e8d00000, 0x00000007e8d0e888, 0x00000007e8d90000)
  to   space 576K,   0% used [0x00000007e8d90000, 0x00000007e8d90000, 0x00000007e8e20000)
 tenured generation   total 12544K, used 3194K [0x00000007eea00000, 0x00000007ef640000, 0x00000007fae00000)
   the space 12544K,  25% used [0x00000007eea00000, 0x00000007eed1e938, 0x00000007eed1ea00, 0x00000007ef640000)
 compacting perm gen  total 21248K, used 6011K [0x00000007fae00000, 0x00000007fc2c0000, 0x0000000800000000)
   the space 21248K,  28% used [0x00000007fae00000, 0x00000007fb3ded48, 0x00000007fb3dee00, 0x00000007fc2c0000)
No shared spaces configured.
}
Event: 97.796 GC heap before
{Heap before GC invocations=620 (full 0):
 def new generation   total 5696K, used 4668K [0x00000007e8800000, 0x00000007e8e20000, 0x00000007eea00000)
  eden space 5120K,  90% used [0x00000007e8800000, 0x00000007e8c80970, 0x00000007e8d00000)
  from space 576K,  10% used [0x00000007e8d00000, 0x00000007e8d0e888, 0x00000007e8d90000)
  to   space 576K,   0% used [0x00000007e8d90000, 0x00000007e8d90000, 0x00000007e8e20000)
 tenured generation   total 12544K, used 3194K [0x00000007eea00000, 0x00000007ef640000, 0x00000007fae00000)
   the space 12544K,  25% used [0x00000007eea00000, 0x00000007eed1e938, 0x00000007eed1ea00, 0x00000007ef640000)
 compacting perm gen  total 21248K, used 6011K [0x00000007fae00000, 0x00000007fc2c0000, 0x0000000800000000)
   the space 21248K,  28% used [0x00000007fae00000, 0x00000007fb3ded48, 0x00000007fb3dee00, 0x00000007fc2c0000)
No shared spaces configured.
Event: 97.796 GC heap after
Heap after GC invocations=621 (full 0):
 def new generation   total 5696K, used 58K [0x00000007e8800000, 0x00000007e8e20000, 0x00000007eea00000)
  eden space 5120K,   0% used [0x00000007e8800000, 0x00000007e8800000, 0x00000007e8d00000)
  from space 576K,  10% used [0x00000007e8d90000, 0x00000007e8d9e888, 0x00000007e8e20000)
  to   space 576K,   0% used [0x00000007e8d00000, 0x00000007e8d00000, 0x00000007e8d90000)
 tenured generation   total 12544K, used 3197K [0x00000007eea00000, 0x00000007ef640000, 0x00000007fae00000)
   the space 12544K,  25% used [0x00000007eea00000, 0x00000007eed1f4f8, 0x00000007eed1f600, 0x00000007ef640000)
 compacting perm gen  total 21248K, used 6011K [0x00000007fae00000, 0x00000007fc2c0000, 0x0000000800000000)
   the space 21248K,  28% used [0x00000007fae00000, 0x00000007fb3ded48, 0x00000007fb3dee00, 0x00000007fc2c0000)
No shared spaces configured.
}
Event: 99.861 GC heap before
{Heap before GC invocations=621 (full 0):
 def new generation   total 5696K, used 4774K [0x00000007e8800000, 0x00000007e8e20000, 0x00000007eea00000)
  eden space 5120K,  92% used [0x00000007e8800000, 0x00000007e8c9b1e8, 0x00000007e8d00000)
  from space 576K,  10% used [0x00000007e8d90000, 0x00000007e8d9e888, 0x00000007e8e20000)
  to   space 576K,   0% used [0x00000007e8d00000, 0x00000007e8d00000, 0x00000007e8d90000)
 tenured generation   total 12544K, used 3197K [0x00000007eea00000, 0x00000007ef640000, 0x00000007fae00000)
   the space 12544K,  25% used [0x00000007eea00000, 0x00000007eed1f4f8, 0x00000007eed1f600, 0x00000007ef640000)
 compacting perm gen  total 21248K, used 6011K [0x00000007fae00000, 0x00000007fc2c0000, 0x0000000800000000)
   the space 21248K,  28% used [0x00000007fae00000, 0x00000007fb3ded48, 0x00000007fb3dee00, 0x00000007fc2c0000)
No shared spaces configured.
Event: 99.861 GC heap after
Heap after GC invocations=622 (full 0):
 def new generation   total 5696K, used 58K [0x00000007e8800000, 0x00000007e8e20000, 0x00000007eea00000)
  eden space 5120K,   0% used [0x00000007e8800000, 0x00000007e8800000, 0x00000007e8d00000)
  from space 576K,  10% used [0x00000007e8d00000, 0x00000007e8d0e948, 0x00000007e8d90000)
  to   space 576K,   0% used [0x00000007e8d90000, 0x00000007e8d90000, 0x00000007e8e20000)
 tenured generation   total 12544K, used 3200K [0x00000007eea00000, 0x00000007ef640000, 0x00000007fae00000)
   the space 12544K,  25% used [0x00000007eea00000, 0x00000007eed200b8, 0x00000007eed20200, 0x00000007ef640000)
 compacting perm gen  total 21248K, used 6011K [0x00000007fae00000, 0x00000007fc2c0000, 0x0000000800000000)
   the space 21248K,  28% used [0x00000007fae00000, 0x00000007fb3ded48, 0x00000007fb3dee00, 0x00000007fc2c0000)
No shared spaces configured.
}

